[90m16:54:21.909[0m 1 [0m[TELEMETRY] SIMULATION.GO {0}: Generator
0: Power (0, 0, 1)
0: Fuel (0, 1, 1)
0: Thermal (0, 25, 500)
0: Health (0, 0.99, 1)[0m
[90m16:54:22.910[0m 2 [0m[TELEMETRY] SIMULATION.GO {0}: Generator
0: Power (0, 0, 1)
0: Fuel (0, 1, 1)
0: Thermal (0, 25, 500)
0: Health (0, 0.98, 1)[0m
[90m16:54:23.911[0m 3 [0m[TELEMETRY] SIMULATION.GO {0}: Generator
0: Power (0, 0, 1)
0: Fuel (0, 1, 1)
0: Thermal (0, 25, 500)
0: Health (0, 0.97, 1)[0m
[90m16:54:24.912[0m 4 [0m[TELEMETRY] SIMULATION.GO {0}: Generator
0: Power (0, 0, 1)
0: Fuel (0, 1, 1)
0: Thermal (0, 25, 500)
0: Health (0, 0.96, 1)[0m
[90m16:54:25.913[0m 5 [0m[TELEMETRY] SIMULATION.GO {0}: Generator
0: Power (0, 0, 1)
0: Fuel (0, 1, 1)
0: Thermal (0, 25, 500)
0: Health (0, 0.95, 1)[0m
[90m16:54:26.914[0m 6 [0m[TELEMETRY] SIMULATION.GO {0}: Generator
0: Power (0, 0, 1)
0: Fuel (0, 1, 1)
0: Thermal (0, 25, 500)
0: Health (0, 0.94, 1)[0m
[90m16:54:27.915[0m 7 [0m[TELEMETRY] SIMULATION.GO {0}: Generator
0: Power (0, 0, 1)
0: Fuel (0, 1, 1)
0: Thermal (0, 25, 500)
0: Health (0, 0.9299999999999999, 1)[0m
[90m16:54:28.917[0m 8 [0m[TELEMETRY] SIMULATION.GO {0}: Generator
0: Power (0, 0, 1)
0: Fuel (0, 1, 1)
0: Thermal (0, 25, 500)
0: Health (0, 0.9199999999999999, 1)[0m
[90m16:54:29.918[0m 9 [0m[TELEMETRY] SIMULATION.GO {0}: Generator
0: Power (0, 0, 1)
0: Fuel (0, 1, 1)
0: Thermal (0, 25, 500)
0: Health (0, 0.9099999999999999, 1)[0m
[90m16:54:30.919[0m 10 [0m[TELEMETRY] SIMULATION.GO {0}: Generator
0: Power (0, 0, 1)
0: Fuel (0, 1, 1)
0: Thermal (0, 25, 500)
0: Health (0, 0.8999999999999999, 1)[0m
[90m16:54:31.920[0m 11 [0m[TELEMETRY] SIMULATION.GO {0}: Generator
0: Power (0, 0, 1)
0: Fuel (0, 1, 1)
0: Thermal (0, 25, 500)
0: Health (0, 0.8899999999999999, 1)[0m
[90m16:54:32.921[0m 12 [0m[TELEMETRY] SIMULATION.GO {0}: Generator
0: Power (0, 0, 1)
0: Fuel (0, 1, 1)
0: Thermal (0, 25, 500)
0: Health (0, 0.8799999999999999, 1)[0m
[90m17:08:52.429[0m 1 [0m[TELEMETRY] GENERATOR.GO temperature change: 30[0m
[90m17:08:52.429[0m 1 [0m[TELEMETRY] SIMULATION.GO {0}: Generator
0: Power (0.00, 1.00, 1.00) 1.00
0: Fuel (0.00, 0.99, 1.00) 0.99
0: Thermal (0.00, 30.00, 500.00) 91.94
0: Health (0.00, 0.99, 1.00) 0.99[0m
[90m17:08:53.431[0m 1 [0m[TELEMETRY] GENERATOR.GO temperature change: 35[0m
[90m17:08:53.431[0m 2 [0m[TELEMETRY] SIMULATION.GO {0}: Generator
0: Power (0.00, 1.00, 1.00) 1.00
0: Fuel (0.00, 0.98, 1.00) 0.98
0: Thermal (0.00, 35.00, 500.00) 106.83
0: Health (0.00, 0.98, 1.00) 0.98[0m
[90m17:08:54.432[0m 2 [0m[TELEMETRY] GENERATOR.GO temperature change: 40[0m
[90m17:08:54.432[0m 3 [0m[TELEMETRY] SIMULATION.GO {0}: Generator
0: Power (0.00, 1.00, 1.00) 1.00
0: Fuel (0.00, 0.97, 1.00) 0.97
0: Thermal (0.00, 40.00, 500.00) 121.52
0: Health (0.00, 0.97, 1.00) 0.97[0m
[90m17:08:55.433[0m 4 [0m[TELEMETRY] GENERATOR.GO temperature change: 45[0m
[90m17:08:55.433[0m 4 [0m[TELEMETRY] SIMULATION.GO {0}: Generator
0: Power (0.00, 1.00, 1.00) 1.00
0: Fuel (0.00, 0.96, 1.00) 0.96
0: Thermal (0.00, 45.00, 500.00) 135.99
0: Health (0.00, 0.96, 1.00) 0.96[0m
[90m17:08:56.434[0m 4 [0m[TELEMETRY] GENERATOR.GO temperature change: 50[0m
[90m17:08:56.435[0m 5 [0m[TELEMETRY] SIMULATION.GO {0}: Generator
0: Power (0.00, 1.00, 1.00) 1.00
0: Fuel (0.00, 0.95, 1.00) 0.95
0: Thermal (0.00, 50.00, 500.00) 150.22
0: Health (0.00, 0.95, 1.00) 0.95[0m
[90m17:08:57.436[0m 5 [0m[TELEMETRY] GENERATOR.GO temperature change: 55[0m
[90m17:08:57.436[0m 6 [0m[TELEMETRY] SIMULATION.GO {0}: Generator
0: Power (0.00, 1.00, 1.00) 1.00
0: Fuel (0.00, 0.94, 1.00) 0.94
0: Thermal (0.00, 55.00, 500.00) 164.18
0: Health (0.00, 0.94, 1.00) 0.94[0m
[90m17:08:58.437[0m 7 [0m[TELEMETRY] GENERATOR.GO temperature change: 60[0m
[90m17:08:58.437[0m 7 [0m[TELEMETRY] SIMULATION.GO {0}: Generator
0: Power (0.00, 1.00, 1.00) 1.00
0: Fuel (0.00, 0.93, 1.00) 0.93
0: Thermal (0.00, 60.00, 500.00) 177.87
0: Health (0.00, 0.93, 1.00) 0.93[0m
[90m17:08:59.438[0m 7 [0m[TELEMETRY] GENERATOR.GO temperature change: 65[0m
[90m17:08:59.438[0m 8 [0m[TELEMETRY] SIMULATION.GO {0}: Generator
0: Power (0.00, 1.00, 1.00) 1.00
0: Fuel (0.00, 0.92, 1.00) 0.92
0: Thermal (0.00, 65.00, 500.00) 191.26
0: Health (0.00, 0.92, 1.00) 0.92[0m
[90m17:09:48.383[0m 1 [0m[TELEMETRY] GENERATOR.GO temperature change: 50[0m
[90m17:09:48.383[0m 1 [0m[TELEMETRY] SIMULATION.GO {0}: Generator
0: Power (0.00, 1.00, 1.00) 1.00
0: Fuel (0.00, 0.95, 1.00) 0.95
0: Thermal (0.00, 50.00, 500.00) 150.22
0: Health (0.00, 0.95, 1.00) 0.95[0m
[90m17:09:49.384[0m 1 [0m[TELEMETRY] GENERATOR.GO temperature change: 75[0m
[90m17:09:49.385[0m 2 [0m[TELEMETRY] SIMULATION.GO {0}: Generator
0: Power (0.00, 1.00, 1.00) 1.00
0: Fuel (0.00, 0.90, 1.00) 0.90
0: Thermal (0.00, 75.00, 500.00) 217.08
0: Health (0.00, 0.90, 1.00) 0.90[0m
[90m17:09:50.385[0m 2 [0m[TELEMETRY] GENERATOR.GO temperature change: 100[0m
[90m17:09:50.385[0m 3 [0m[TELEMETRY] SIMULATION.GO {0}: Generator
0: Power (0.00, 1.00, 1.00) 1.00
0: Fuel (0.00, 0.85, 1.00) 0.85
0: Thermal (0.00, 100.00, 500.00) 275.56
0: Health (0.00, 0.85, 1.00) 0.85[0m
[90m17:09:51.386[0m 3 [0m[TELEMETRY] GENERATOR.GO temperature change: 125[0m
[90m17:09:51.387[0m 4 [0m[TELEMETRY] SIMULATION.GO {0}: Generator
0: Power (0.00, 1.00, 1.00) 1.00
0: Fuel (0.00, 0.80, 1.00) 0.80
0: Thermal (0.00, 125.00, 500.00) 324.91
0: Health (0.00, 0.80, 1.00) 0.80[0m
[90m17:09:52.388[0m 4 [0m[TELEMETRY] GENERATOR.GO temperature change: 150[0m
[90m17:09:52.388[0m 5 [0m[TELEMETRY] SIMULATION.GO {0}: Generator
0: Power (0.00, 1.00, 1.00) 1.00
0: Fuel (0.00, 0.75, 1.00) 0.75
0: Thermal (0.00, 150.00, 500.00) 365.30
0: Health (0.00, 0.75, 1.00) 0.75[0m
[90m17:09:53.389[0m 5 [0m[TELEMETRY] GENERATOR.GO temperature change: 175[0m
[90m17:09:53.389[0m 6 [0m[TELEMETRY] SIMULATION.GO {0}: Generator
0: Power (0.00, 1.00, 1.00) 1.00
0: Fuel (0.00, 0.70, 1.00) 0.70
0: Thermal (0.00, 175.00, 500.00) 397.52
0: Health (0.00, 0.70, 1.00) 0.70[0m
[90m17:09:54.389[0m 6 [0m[TELEMETRY] GENERATOR.GO temperature change: 200[0m
[90m17:09:54.389[0m 7 [0m[TELEMETRY] SIMULATION.GO {0}: Generator
0: Power (0.00, 1.00, 1.00) 1.00
0: Fuel (0.00, 0.65, 1.00) 0.65
0: Thermal (0.00, 200.00, 500.00) 422.73
0: Health (0.00, 0.65, 1.00) 0.65[0m
