[90m16:44:29.980[0m [0m[TELEMETRY] SIMULATION.GO {0}: Generator[0m
[90m16:44:30.981[0m [0m[TELEMETRY] SIMULATION.GO {0}: Generator[0m
[90m16:44:31.982[0m [0m[TELEMETRY] SIMULATION.GO {0}: Generator[0m
[90m16:44:32.984[0m [0m[TELEMETRY] SIMULATION.GO {0}: Generator[0m
[90m16:44:47.247[0m [0m[TELEMETRY] SIMULATION.GO {0}: Generator[0m
[90m16:44:48.248[0m [0m[TELEMETRY] SIMULATION.GO {0}: Generator[0m
[90m16:44:49.248[0m [0m[TELEMETRY] SIMULATION.GO {0}: Generator[0m
[90m16:44:50.249[0m [0m[TELEMETRY] SIMULATION.GO {0}: Generator[0m
[90m16:44:51.250[0m [0m[TELEMETRY] SIMULATION.GO {0}: Generator[0m
[90m16:44:52.251[0m [0m[TELEMETRY] SIMULATION.GO {0}: Generator[0m
[90m16:44:53.252[0m [0m[TELEMETRY] SIMULATION.GO {0}: Generator[0m
[90m16:44:54.253[0m [0m[TELEMETRY] SIMULATION.GO {0}: Generator[0m
[90m16:47:42.754[0m 0 [0m[TELEMETRY] SIMULATION.GO {0}: Generator[0m
[90m16:47:43.756[0m 0 [0m[TELEMETRY] SIMULATION.GO {0}: Generator[0m
[90m16:47:44.756[0m 0 [0m[TELEMETRY] SIMULATION.GO {0}: Generator[0m
[90m16:47:45.757[0m 0 [0m[TELEMETRY] SIMULATION.GO {0}: Generator[0m
[90m16:47:46.758[0m 0 [0m[TELEMETRY] SIMULATION.GO {0}: Generator[0m
[90m16:50:29.497[0m {1} [0m[TELEMETRY] SIMULATION.GO {0}: Generator[0m
[90m16:50:30.499[0m {2} [0m[TELEMETRY] SIMULATION.GO {0}: Generator[0m
[90m16:50:31.499[0m {3} [0m[TELEMETRY] SIMULATION.GO {0}: Generator[0m
[90m16:51:56.004[0m 1 [0m[TELEMETRY] SIMULATION.GO {0}: Generator[0m
[90m16:51:57.005[0m 2 [0m[TELEMETRY] SIMULATION.GO {0}: Generator[0m
[90m16:51:58.007[0m 3 [0m[TELEMETRY] SIMULATION.GO {0}: Generator[0m
[90m16:51:59.008[0m 4 [0m[TELEMETRY] SIMULATION.GO {0}: Generator[0m
[90m16:52:00.009[0m 5 [0m[TELEMETRY] SIMULATION.GO {0}: Generator[0m
[90m16:52:01.010[0m 6 [0m[TELEMETRY] SIMULATION.GO {0}: Generator[0m
[90m16:52:02.010[0m 7 [0m[TELEMETRY] SIMULATION.GO {0}: Generator[0m
[90m16:54:35.384[0m 1 [0m[TELEMETRY] SIMULATION.GO {0}: Generator
0: Power (0, 0, 1)
0: Fuel (0, 1, 1)
0: Thermal (0, 25, 500)
0: Health (0, 0.99, 1)[0m
[90m16:54:36.385[0m 2 [0m[TELEMETRY] SIMULATION.GO {0}: Generator
0: Power (0, 0, 1)
0: Fuel (0, 1, 1)
0: Thermal (0, 25, 500)
0: Health (0, 0.98, 1)[0m
[90m16:54:37.386[0m 3 [0m[TELEMETRY] SIMULATION.GO {0}: Generator
0: Power (0, 0, 1)
0: Fuel (0, 1, 1)
0: Thermal (0, 25, 500)
0: Health (0, 0.97, 1)[0m
[90m16:54:38.388[0m 4 [0m[TELEMETRY] SIMULATION.GO {0}: Generator
0: Power (0, 0, 1)
0: Fuel (0, 1, 1)
0: Thermal (0, 25, 500)
0: Health (0, 0.96, 1)[0m
[90m16:54:39.389[0m 5 [0m[TELEMETRY] SIMULATION.GO {0}: Generator
0: Power (0, 0, 1)
0: Fuel (0, 1, 1)
0: Thermal (0, 25, 500)
0: Health (0, 0.95, 1)[0m
[90m16:54:40.390[0m 6 [0m[TELEMETRY] SIMULATION.GO {0}: Generator
0: Power (0, 0, 1)
0: Fuel (0, 1, 1)
0: Thermal (0, 25, 500)
0: Health (0, 0.94, 1)[0m
[90m16:54:41.391[0m 7 [0m[TELEMETRY] SIMULATION.GO {0}: Generator
0: Power (0, 0, 1)
0: Fuel (0, 1, 1)
0: Thermal (0, 25, 500)
0: Health (0, 0.9299999999999999, 1)[0m
[90m16:54:42.394[0m 8 [0m[TELEMETRY] SIMULATION.GO {0}: Generator
0: Power (0, 0, 1)
0: Fuel (0, 1, 1)
0: Thermal (0, 25, 500)
0: Health (0, 0.9199999999999999, 1)[0m
[90m16:54:43.395[0m 9 [0m[TELEMETRY] SIMULATION.GO {0}: Generator
0: Power (0, 0, 1)
0: Fuel (0, 1, 1)
0: Thermal (0, 25, 500)
0: Health (0, 0.9099999999999999, 1)[0m
[90m16:54:44.395[0m 10 [0m[TELEMETRY] SIMULATION.GO {0}: Generator
0: Power (0, 0, 1)
0: Fuel (0, 1, 1)
0: Thermal (0, 25, 500)
0: Health (0, 0.8999999999999999, 1)[0m
[90m16:54:45.396[0m 11 [0m[TELEMETRY] SIMULATION.GO {0}: Generator
0: Power (0, 0, 1)
0: Fuel (0, 1, 1)
0: Thermal (0, 25, 500)
0: Health (0, 0.8899999999999999, 1)[0m
[90m16:54:46.397[0m 12 [0m[TELEMETRY] SIMULATION.GO {0}: Generator
0: Power (0, 0, 1)
0: Fuel (0, 1, 1)
0: Thermal (0, 25, 500)
0: Health (0, 0.8799999999999999, 1)[0m
[90m16:54:47.399[0m 13 [0m[TELEMETRY] SIMULATION.GO {0}: Generator
0: Power (0, 0, 1)
0: Fuel (0, 1, 1)
0: Thermal (0, 25, 500)
0: Health (0, 0.8699999999999999, 1)[0m
[90m16:54:48.400[0m 14 [0m[TELEMETRY] SIMULATION.GO {0}: Generator
0: Power (0, 0, 1)
0: Fuel (0, 1, 1)
0: Thermal (0, 25, 500)
0: Health (0, 0.8599999999999999, 1)[0m
[90m16:54:49.400[0m 15 [0m[TELEMETRY] SIMULATION.GO {0}: Generator
0: Power (0, 0, 1)
0: Fuel (0, 1, 1)
0: Thermal (0, 25, 500)
0: Health (0, 0.8499999999999999, 1)[0m
[90m16:54:50.401[0m 16 [0m[TELEMETRY] SIMULATION.GO {0}: Generator
0: Power (0, 0, 1)
0: Fuel (0, 1, 1)
0: Thermal (0, 25, 500)
0: Health (0, 0.8399999999999999, 1)[0m
[90m16:54:51.402[0m 17 [0m[TELEMETRY] SIMULATION.GO {0}: Generator
0: Power (0, 0, 1)
0: Fuel (0, 1, 1)
0: Thermal (0, 25, 500)
0: Health (0, 0.8299999999999998, 1)[0m
[90m16:54:52.404[0m 18 [0m[TELEMETRY] SIMULATION.GO {0}: Generator
0: Power (0, 0, 1)
0: Fuel (0, 1, 1)
0: Thermal (0, 25, 500)
0: Health (0, 0.8199999999999998, 1)[0m
[90m16:54:53.405[0m 19 [0m[TELEMETRY] SIMULATION.GO {0}: Generator
0: Power (0, 0, 1)
0: Fuel (0, 1, 1)
0: Thermal (0, 25, 500)
0: Health (0, 0.8099999999999998, 1)[0m
[90m16:54:54.406[0m 20 [0m[TELEMETRY] SIMULATION.GO {0}: Generator
0: Power (0, 0, 1)
0: Fuel (0, 1, 1)
0: Thermal (0, 25, 500)
0: Health (0, 0.7999999999999998, 1)[0m
[90m16:54:55.407[0m 21 [0m[TELEMETRY] SIMULATION.GO {0}: Generator
0: Power (0, 0, 1)
0: Fuel (0, 1, 1)
0: Thermal (0, 25, 500)
0: Health (0, 0.7899999999999998, 1)[0m
[90m16:54:56.408[0m 22 [0m[TELEMETRY] SIMULATION.GO {0}: Generator
0: Power (0, 0, 1)
0: Fuel (0, 1, 1)
0: Thermal (0, 25, 500)
0: Health (0, 0.7799999999999998, 1)[0m
[90m16:54:57.409[0m 23 [0m[TELEMETRY] SIMULATION.GO {0}: Generator
0: Power (0, 0, 1)
0: Fuel (0, 1, 1)
0: Thermal (0, 25, 500)
0: Health (0, 0.7699999999999998, 1)[0m
[90m16:54:58.409[0m 24 [0m[TELEMETRY] SIMULATION.GO {0}: Generator
0: Power (0, 0, 1)
0: Fuel (0, 1, 1)
0: Thermal (0, 25, 500)
0: Health (0, 0.7599999999999998, 1)[0m
[90m16:54:59.411[0m 25 [0m[TELEMETRY] SIMULATION.GO {0}: Generator
0: Power (0, 0, 1)
0: Fuel (0, 1, 1)
0: Thermal (0, 25, 500)
0: Health (0, 0.7499999999999998, 1)[0m
[90m16:55:00.412[0m 26 [0m[TELEMETRY] SIMULATION.GO {0}: Generator
0: Power (0, 0, 1)
0: Fuel (0, 1, 1)
0: Thermal (0, 25, 500)
0: Health (0, 0.7399999999999998, 1)[0m
[90m16:55:01.413[0m 27 [0m[TELEMETRY] SIMULATION.GO {0}: Generator
0: Power (0, 0, 1)
0: Fuel (0, 1, 1)
0: Thermal (0, 25, 500)
0: Health (0, 0.7299999999999998, 1)[0m
[90m16:55:02.414[0m 28 [0m[TELEMETRY] SIMULATION.GO {0}: Generator
0: Power (0, 0, 1)
0: Fuel (0, 1, 1)
0: Thermal (0, 25, 500)
0: Health (0, 0.7199999999999998, 1)[0m
[90m16:55:03.415[0m 29 [0m[TELEMETRY] SIMULATION.GO {0}: Generator
0: Power (0, 0, 1)
0: Fuel (0, 1, 1)
0: Thermal (0, 25, 500)
0: Health (0, 0.7099999999999997, 1)[0m
[90m16:55:04.417[0m 30 [0m[TELEMETRY] SIMULATION.GO {0}: Generator
0: Power (0, 0, 1)
0: Fuel (0, 1, 1)
0: Thermal (0, 25, 500)
0: Health (0, 0.6999999999999997, 1)[0m
[90m16:55:05.418[0m 31 [0m[TELEMETRY] SIMULATION.GO {0}: Generator
0: Power (0, 0, 1)
0: Fuel (0, 1, 1)
0: Thermal (0, 25, 500)
0: Health (0, 0.6899999999999997, 1)[0m
[90m16:55:06.418[0m 32 [0m[TELEMETRY] SIMULATION.GO {0}: Generator
0: Power (0, 0, 1)
0: Fuel (0, 1, 1)
0: Thermal (0, 25, 500)
0: Health (0, 0.6799999999999997, 1)[0m
[90m16:55:07.419[0m 33 [0m[TELEMETRY] SIMULATION.GO {0}: Generator
0: Power (0, 0, 1)
0: Fuel (0, 1, 1)
0: Thermal (0, 25, 500)
0: Health (0, 0.6699999999999997, 1)[0m
[90m16:55:08.420[0m 34 [0m[TELEMETRY] SIMULATION.GO {0}: Generator
0: Power (0, 0, 1)
0: Fuel (0, 1, 1)
0: Thermal (0, 25, 500)
0: Health (0, 0.6599999999999997, 1)[0m
[90m16:55:09.422[0m 35 [0m[TELEMETRY] SIMULATION.GO {0}: Generator
0: Power (0, 0, 1)
0: Fuel (0, 1, 1)
0: Thermal (0, 25, 500)
0: Health (0, 0.6499999999999997, 1)[0m
[90m16:55:10.422[0m 36 [0m[TELEMETRY] SIMULATION.GO {0}: Generator
0: Power (0, 0, 1)
0: Fuel (0, 1, 1)
0: Thermal (0, 25, 500)
0: Health (0, 0.6399999999999997, 1)[0m
[90m16:55:11.423[0m 37 [0m[TELEMETRY] SIMULATION.GO {0}: Generator
0: Power (0, 0, 1)
0: Fuel (0, 1, 1)
0: Thermal (0, 25, 500)
0: Health (0, 0.6299999999999997, 1)[0m
[90m16:55:12.424[0m 38 [0m[TELEMETRY] SIMULATION.GO {0}: Generator
0: Power (0, 0, 1)
0: Fuel (0, 1, 1)
0: Thermal (0, 25, 500)
0: Health (0, 0.6199999999999997, 1)[0m
[90m16:55:13.425[0m 39 [0m[TELEMETRY] SIMULATION.GO {0}: Generator
0: Power (0, 0, 1)
0: Fuel (0, 1, 1)
0: Thermal (0, 25, 500)
0: Health (0, 0.6099999999999997, 1)[0m
[90m16:55:14.427[0m 40 [0m[TELEMETRY] SIMULATION.GO {0}: Generator
0: Power (0, 0, 1)
0: Fuel (0, 1, 1)
0: Thermal (0, 25, 500)
0: Health (0, 0.5999999999999996, 1)[0m
[90m16:55:15.428[0m 41 [0m[TELEMETRY] SIMULATION.GO {0}: Generator
0: Power (0, 0, 1)
0: Fuel (0, 1, 1)
0: Thermal (0, 25, 500)
0: Health (0, 0.5899999999999996, 1)[0m
[90m16:55:16.429[0m 42 [0m[TELEMETRY] SIMULATION.GO {0}: Generator
0: Power (0, 0, 1)
0: Fuel (0, 1, 1)
0: Thermal (0, 25, 500)
0: Health (0, 0.5799999999999996, 1)[0m
[90m16:55:17.430[0m 43 [0m[TELEMETRY] SIMULATION.GO {0}: Generator
0: Power (0, 0, 1)
0: Fuel (0, 1, 1)
0: Thermal (0, 25, 500)
0: Health (0, 0.5699999999999996, 1)[0m
[90m16:55:18.431[0m 44 [0m[TELEMETRY] SIMULATION.GO {0}: Generator
0: Power (0, 0, 1)
0: Fuel (0, 1, 1)
0: Thermal (0, 25, 500)
0: Health (0, 0.5599999999999996, 1)[0m
[90m16:55:19.433[0m 45 [0m[TELEMETRY] SIMULATION.GO {0}: Generator
0: Power (0, 0, 1)
0: Fuel (0, 1, 1)
0: Thermal (0, 25, 500)
0: Health (0, 0.5499999999999996, 1)[0m
[90m16:55:20.433[0m 46 [0m[TELEMETRY] SIMULATION.GO {0}: Generator
0: Power (0, 0, 1)
0: Fuel (0, 1, 1)
0: Thermal (0, 25, 500)
0: Health (0, 0.5399999999999996, 1)[0m
[90m16:55:21.434[0m 47 [0m[TELEMETRY] SIMULATION.GO {0}: Generator
0: Power (0, 0, 1)
0: Fuel (0, 1, 1)
0: Thermal (0, 25, 500)
0: Health (0, 0.5299999999999996, 1)[0m
[90m16:55:22.435[0m 48 [0m[TELEMETRY] SIMULATION.GO {0}: Generator
0: Power (0, 0, 1)
0: Fuel (0, 1, 1)
0: Thermal (0, 25, 500)
0: Health (0, 0.5199999999999996, 1)[0m
[90m16:55:23.435[0m 49 [0m[TELEMETRY] SIMULATION.GO {0}: Generator
0: Power (0, 0, 1)
0: Fuel (0, 1, 1)
0: Thermal (0, 25, 500)
0: Health (0, 0.5099999999999996, 1)[0m
[90m16:55:24.437[0m 50 [0m[TELEMETRY] SIMULATION.GO {0}: Generator
0: Power (0, 0, 1)
0: Fuel (0, 1, 1)
0: Thermal (0, 25, 500)
0: Health (0, 0.49999999999999956, 1)[0m
[90m16:55:25.438[0m 51 [0m[TELEMETRY] SIMULATION.GO {0}: Generator
0: Power (0, 0, 1)
0: Fuel (0, 1, 1)
0: Thermal (0, 25, 500)
0: Health (0, 0.48999999999999955, 1)[0m
[90m16:55:26.439[0m 52 [0m[TELEMETRY] SIMULATION.GO {0}: Generator
0: Power (0, 0, 1)
0: Fuel (0, 1, 1)
0: Thermal (0, 25, 500)
0: Health (0, 0.47999999999999954, 1)[0m
[90m16:55:27.440[0m 53 [0m[TELEMETRY] SIMULATION.GO {0}: Generator
0: Power (0, 0, 1)
0: Fuel (0, 1, 1)
0: Thermal (0, 25, 500)
0: Health (0, 0.46999999999999953, 1)[0m
[90m16:55:28.441[0m 54 [0m[TELEMETRY] SIMULATION.GO {0}: Generator
0: Power (0, 0, 1)
0: Fuel (0, 1, 1)
0: Thermal (0, 25, 500)
0: Health (0, 0.4599999999999995, 1)[0m
[90m16:55:29.442[0m 55 [0m[TELEMETRY] SIMULATION.GO {0}: Generator
0: Power (0, 0, 1)
0: Fuel (0, 1, 1)
0: Thermal (0, 25, 500)
0: Health (0, 0.4499999999999995, 1)[0m
[90m16:55:30.443[0m 56 [0m[TELEMETRY] SIMULATION.GO {0}: Generator
0: Power (0, 0, 1)
0: Fuel (0, 1, 1)
0: Thermal (0, 25, 500)
0: Health (0, 0.4399999999999995, 1)[0m
[90m16:55:31.444[0m 57 [0m[TELEMETRY] SIMULATION.GO {0}: Generator
0: Power (0, 0, 1)
0: Fuel (0, 1, 1)
0: Thermal (0, 25, 500)
0: Health (0, 0.4299999999999995, 1)[0m
[90m16:55:32.446[0m 58 [0m[TELEMETRY] SIMULATION.GO {0}: Generator
0: Power (0, 0, 1)
0: Fuel (0, 1, 1)
0: Thermal (0, 25, 500)
0: Health (0, 0.4199999999999995, 1)[0m
[90m16:55:33.447[0m 59 [0m[TELEMETRY] SIMULATION.GO {0}: Generator
0: Power (0, 0, 1)
0: Fuel (0, 1, 1)
0: Thermal (0, 25, 500)
0: Health (0, 0.4099999999999995, 1)[0m
[90m16:55:34.448[0m 60 [0m[TELEMETRY] SIMULATION.GO {0}: Generator
0: Power (0, 0, 1)
0: Fuel (0, 1, 1)
0: Thermal (0, 25, 500)
0: Health (0, 0.39999999999999947, 1)[0m
[90m16:55:35.449[0m 61 [0m[TELEMETRY] SIMULATION.GO {0}: Generator
0: Power (0, 0, 1)
0: Fuel (0, 1, 1)
0: Thermal (0, 25, 500)
0: Health (0, 0.38999999999999946, 1)[0m
[90m16:55:36.450[0m 62 [0m[TELEMETRY] SIMULATION.GO {0}: Generator
0: Power (0, 0, 1)
0: Fuel (0, 1, 1)
0: Thermal (0, 25, 500)
0: Health (0, 0.37999999999999945, 1)[0m
[90m16:55:37.451[0m 63 [0m[TELEMETRY] SIMULATION.GO {0}: Generator
0: Power (0, 0, 1)
0: Fuel (0, 1, 1)
0: Thermal (0, 25, 500)
0: Health (0, 0.36999999999999944, 1)[0m
[90m16:55:38.452[0m 64 [0m[TELEMETRY] SIMULATION.GO {0}: Generator
0: Power (0, 0, 1)
0: Fuel (0, 1, 1)
0: Thermal (0, 25, 500)
0: Health (0, 0.35999999999999943, 1)[0m
[90m16:55:39.453[0m 65 [0m[TELEMETRY] SIMULATION.GO {0}: Generator
0: Power (0, 0, 1)
0: Fuel (0, 1, 1)
0: Thermal (0, 25, 500)
0: Health (0, 0.3499999999999994, 1)[0m
[90m16:55:40.454[0m 66 [0m[TELEMETRY] SIMULATION.GO {0}: Generator
0: Power (0, 0, 1)
0: Fuel (0, 1, 1)
0: Thermal (0, 25, 500)
0: Health (0, 0.3399999999999994, 1)[0m
[90m16:55:41.455[0m 67 [0m[TELEMETRY] SIMULATION.GO {0}: Generator
0: Power (0, 0, 1)
0: Fuel (0, 1, 1)
0: Thermal (0, 25, 500)
0: Health (0, 0.3299999999999994, 1)[0m
[90m16:55:42.456[0m 68 [0m[TELEMETRY] SIMULATION.GO {0}: Generator
0: Power (0, 0, 1)
0: Fuel (0, 1, 1)
0: Thermal (0, 25, 500)
0: Health (0, 0.3199999999999994, 1)[0m
[90m16:55:43.457[0m 69 [0m[TELEMETRY] SIMULATION.GO {0}: Generator
0: Power (0, 0, 1)
0: Fuel (0, 1, 1)
0: Thermal (0, 25, 500)
0: Health (0, 0.3099999999999994, 1)[0m
[90m16:55:44.457[0m 70 [0m[TELEMETRY] SIMULATION.GO {0}: Generator
0: Power (0, 0, 1)
0: Fuel (0, 1, 1)
0: Thermal (0, 25, 500)
0: Health (0, 0.2999999999999994, 1)[0m
[90m16:55:45.458[0m 71 [0m[TELEMETRY] SIMULATION.GO {0}: Generator
0: Power (0, 0, 1)
0: Fuel (0, 1, 1)
0: Thermal (0, 25, 500)
0: Health (0, 0.28999999999999937, 1)[0m
[90m16:55:46.459[0m 72 [0m[TELEMETRY] SIMULATION.GO {0}: Generator
0: Power (0, 0, 1)
0: Fuel (0, 1, 1)
0: Thermal (0, 25, 500)
0: Health (0, 0.27999999999999936, 1)[0m
[90m16:55:47.460[0m 73 [0m[TELEMETRY] SIMULATION.GO {0}: Generator
0: Power (0, 0, 1)
0: Fuel (0, 1, 1)
0: Thermal (0, 25, 500)
0: Health (0, 0.26999999999999935, 1)[0m
[90m16:55:48.461[0m 74 [0m[TELEMETRY] SIMULATION.GO {0}: Generator
0: Power (0, 0, 1)
0: Fuel (0, 1, 1)
0: Thermal (0, 25, 500)
0: Health (0, 0.25999999999999934, 1)[0m
[90m16:56:06.465[0m 1 [0m[TELEMETRY] SIMULATION.GO {0}: Generator
0: Power (0, 0, 1)
0: Fuel (0, 1, 1)
0: Thermal (0, 25, 500)
0: Health (0, 0.99, 1)[0m
[90m16:56:07.466[0m 2 [0m[TELEMETRY] SIMULATION.GO {0}: Generator
0: Power (0, 0, 1)
0: Fuel (0, 1, 1)
0: Thermal (0, 25, 500)
0: Health (0, 0.98, 1)[0m
[90m16:56:08.467[0m 3 [0m[TELEMETRY] SIMULATION.GO {0}: Generator
0: Power (0, 0, 1)
0: Fuel (0, 1, 1)
0: Thermal (0, 25, 500)
0: Health (0, 0.97, 1)[0m
[90m16:56:29.368[0m 1 [0m[TELEMETRY] GENERATOR.GO temperature change: 30[0m
[90m16:56:29.368[0m 1 [0m[TELEMETRY] SIMULATION.GO {0}: Generator
0: Power (0, 1, 1)
0: Fuel (0, 0.99, 1)
0: Thermal (0, 30, 500)
0: Health (0, 0.99, 1)[0m
[90m16:56:30.369[0m 1 [0m[TELEMETRY] GENERATOR.GO temperature change: 35[0m
[90m16:56:30.369[0m 2 [0m[TELEMETRY] SIMULATION.GO {0}: Generator
0: Power (0, 1, 1)
0: Fuel (0, 0.98, 1)
0: Thermal (0, 35, 500)
0: Health (0, 0.98, 1)[0m
[90m16:56:31.371[0m 3 [0m[TELEMETRY] GENERATOR.GO temperature change: 40[0m
[90m16:56:31.371[0m 3 [0m[TELEMETRY] SIMULATION.GO {0}: Generator
0: Power (0, 1, 1)
0: Fuel (0, 0.97, 1)
0: Thermal (0, 40, 500)
0: Health (0, 0.97, 1)[0m
[90m16:56:32.372[0m 3 [0m[TELEMETRY] GENERATOR.GO temperature change: 45[0m
[90m16:56:32.372[0m 4 [0m[TELEMETRY] SIMULATION.GO {0}: Generator
0: Power (0, 1, 1)
0: Fuel (0, 0.96, 1)
0: Thermal (0, 45, 500)
0: Health (0, 0.96, 1)[0m
[90m16:56:33.373[0m 5 [0m[TELEMETRY] GENERATOR.GO temperature change: 50[0m
[90m16:56:33.373[0m 5 [0m[TELEMETRY] SIMULATION.GO {0}: Generator
0: Power (0, 1, 1)
0: Fuel (0, 0.95, 1)
0: Thermal (0, 50, 500)
0: Health (0, 0.95, 1)[0m
[90m16:56:34.374[0m 6 [0m[TELEMETRY] GENERATOR.GO temperature change: 55[0m
[90m16:56:34.374[0m 6 [0m[TELEMETRY] SIMULATION.GO {0}: Generator
0: Power (0, 1, 1)
0: Fuel (0, 0.94, 1)
0: Thermal (0, 55, 500)
0: Health (0, 0.94, 1)[0m
[90m16:56:35.375[0m 6 [0m[TELEMETRY] GENERATOR.GO temperature change: 60[0m
[90m16:56:35.375[0m 7 [0m[TELEMETRY] SIMULATION.GO {0}: Generator
0: Power (0, 1, 1)
0: Fuel (0, 0.9299999999999999, 1)
0: Thermal (0, 60, 500)
0: Health (0, 0.9299999999999999, 1)[0m
[90m16:56:36.376[0m 7 [0m[TELEMETRY] GENERATOR.GO temperature change: 65[0m
[90m16:56:36.376[0m 8 [0m[TELEMETRY] SIMULATION.GO {0}: Generator
0: Power (0, 1, 1)
0: Fuel (0, 0.9199999999999999, 1)
0: Thermal (0, 65, 500)
0: Health (0, 0.9199999999999999, 1)[0m
[90m16:56:37.377[0m 8 [0m[TELEMETRY] GENERATOR.GO temperature change: 70[0m
[90m16:56:37.377[0m 9 [0m[TELEMETRY] SIMULATION.GO {0}: Generator
0: Power (0, 1, 1)
0: Fuel (0, 0.9099999999999999, 1)
0: Thermal (0, 70, 500)
0: Health (0, 0.9099999999999999, 1)[0m
[90m16:56:38.378[0m 9 [0m[TELEMETRY] GENERATOR.GO temperature change: 75[0m
[90m16:56:38.378[0m 10 [0m[TELEMETRY] SIMULATION.GO {0}: Generator
0: Power (0, 1, 1)
0: Fuel (0, 0.8999999999999999, 1)
0: Thermal (0, 75, 500)
0: Health (0, 0.8999999999999999, 1)[0m
[90m16:56:39.379[0m 11 [0m[TELEMETRY] GENERATOR.GO temperature change: 80[0m
[90m16:56:39.379[0m 11 [0m[TELEMETRY] SIMULATION.GO {0}: Generator
0: Power (0, 1, 1)
0: Fuel (0, 0.8899999999999999, 1)
0: Thermal (0, 80, 500)
0: Health (0, 0.8899999999999999, 1)[0m
[90m16:56:40.380[0m 12 [0m[TELEMETRY] GENERATOR.GO temperature change: 85[0m
[90m16:56:40.380[0m 12 [0m[TELEMETRY] SIMULATION.GO {0}: Generator
0: Power (0, 1, 1)
0: Fuel (0, 0.8799999999999999, 1)
0: Thermal (0, 85, 500)
0: Health (0, 0.8799999999999999, 1)[0m
[90m16:56:41.381[0m 13 [0m[TELEMETRY] GENERATOR.GO temperature change: 90[0m
[90m16:56:41.381[0m 13 [0m[TELEMETRY] SIMULATION.GO {0}: Generator
0: Power (0, 1, 1)
0: Fuel (0, 0.8699999999999999, 1)
0: Thermal (0, 90, 500)
0: Health (0, 0.8699999999999999, 1)[0m
[90m16:56:42.382[0m 14 [0m[TELEMETRY] GENERATOR.GO temperature change: 95[0m
[90m16:56:42.382[0m 14 [0m[TELEMETRY] SIMULATION.GO {0}: Generator
0: Power (0, 1, 1)
0: Fuel (0, 0.8599999999999999, 1)
0: Thermal (0, 95, 500)
0: Health (0, 0.8599999999999999, 1)[0m
[90m16:56:43.383[0m 15 [0m[TELEMETRY] GENERATOR.GO temperature change: 100[0m
[90m16:56:43.383[0m 15 [0m[TELEMETRY] SIMULATION.GO {0}: Generator
0: Power (0, 1, 1)
0: Fuel (0, 0.8499999999999999, 1)
0: Thermal (0, 100, 500)
0: Health (0, 0.8499999999999999, 1)[0m
[90m16:56:44.384[0m 15 [0m[TELEMETRY] GENERATOR.GO temperature change: 105[0m
[90m16:56:44.385[0m 16 [0m[TELEMETRY] SIMULATION.GO {0}: Generator
0: Power (0, 1, 1)
0: Fuel (0, 0.8399999999999999, 1)
0: Thermal (0, 105, 500)
0: Health (0, 0.8399999999999999, 1)[0m
[90m16:56:45.386[0m 16 [0m[TELEMETRY] GENERATOR.GO temperature change: 110[0m
[90m16:56:45.386[0m 17 [0m[TELEMETRY] SIMULATION.GO {0}: Generator
0: Power (0, 1, 1)
0: Fuel (0, 0.8299999999999998, 1)
0: Thermal (0, 110, 500)
0: Health (0, 0.8299999999999998, 1)[0m
[90m16:56:46.387[0m 17 [0m[TELEMETRY] GENERATOR.GO temperature change: 115[0m
[90m16:56:46.387[0m 18 [0m[TELEMETRY] SIMULATION.GO {0}: Generator
0: Power (0, 1, 1)
0: Fuel (0, 0.8199999999999998, 1)
0: Thermal (0, 115, 500)
0: Health (0, 0.8199999999999998, 1)[0m
[90m16:56:47.388[0m 19 [0m[TELEMETRY] GENERATOR.GO temperature change: 120[0m
[90m16:56:47.388[0m 19 [0m[TELEMETRY] SIMULATION.GO {0}: Generator
0: Power (0, 1, 1)
0: Fuel (0, 0.8099999999999998, 1)
0: Thermal (0, 120, 500)
0: Health (0, 0.8099999999999998, 1)[0m
[90m16:56:48.389[0m 20 [0m[TELEMETRY] GENERATOR.GO temperature change: 125[0m
[90m16:56:48.389[0m 20 [0m[TELEMETRY] SIMULATION.GO {0}: Generator
0: Power (0, 1, 1)
0: Fuel (0, 0.7999999999999998, 1)
0: Thermal (0, 125, 500)
0: Health (0, 0.7999999999999998, 1)[0m
[90m16:56:49.390[0m 21 [0m[TELEMETRY] GENERATOR.GO temperature change: 130[0m
[90m16:56:49.390[0m 21 [0m[TELEMETRY] SIMULATION.GO {0}: Generator
0: Power (0, 1, 1)
0: Fuel (0, 0.7899999999999998, 1)
0: Thermal (0, 130, 500)
0: Health (0, 0.7899999999999998, 1)[0m
[90m16:56:50.391[0m 21 [0m[TELEMETRY] GENERATOR.GO temperature change: 135[0m
[90m16:56:50.392[0m 22 [0m[TELEMETRY] SIMULATION.GO {0}: Generator
0: Power (0, 1, 1)
0: Fuel (0, 0.7799999999999998, 1)
0: Thermal (0, 135, 500)
0: Health (0, 0.7799999999999998, 1)[0m
[90m16:56:51.393[0m 23 [0m[TELEMETRY] GENERATOR.GO temperature change: 140[0m
[90m16:56:51.393[0m 23 [0m[TELEMETRY] SIMULATION.GO {0}: Generator
0: Power (0, 1, 1)
0: Fuel (0, 0.7699999999999998, 1)
0: Thermal (0, 140, 500)
0: Health (0, 0.7699999999999998, 1)[0m
[90m16:56:52.394[0m 24 [0m[TELEMETRY] GENERATOR.GO temperature change: 145[0m
[90m16:56:52.394[0m 24 [0m[TELEMETRY] SIMULATION.GO {0}: Generator
0: Power (0, 1, 1)
0: Fuel (0, 0.7599999999999998, 1)
0: Thermal (0, 145, 500)
0: Health (0, 0.7599999999999998, 1)[0m
[90m16:56:53.395[0m 25 [0m[TELEMETRY] GENERATOR.GO temperature change: 150[0m
[90m16:56:53.395[0m 25 [0m[TELEMETRY] SIMULATION.GO {0}: Generator
0: Power (0, 1, 1)
0: Fuel (0, 0.7499999999999998, 1)
0: Thermal (0, 150, 500)
0: Health (0, 0.7499999999999998, 1)[0m
[90m16:56:54.396[0m 26 [0m[TELEMETRY] GENERATOR.GO temperature change: 155[0m
[90m16:56:54.396[0m 26 [0m[TELEMETRY] SIMULATION.GO {0}: Generator
0: Power (0, 1, 1)
0: Fuel (0, 0.7399999999999998, 1)
0: Thermal (0, 155, 500)
0: Health (0, 0.7399999999999998, 1)[0m
[90m16:56:55.397[0m 27 [0m[TELEMETRY] GENERATOR.GO temperature change: 160[0m
[90m16:56:55.398[0m 27 [0m[TELEMETRY] SIMULATION.GO {0}: Generator
0: Power (0, 1, 1)
0: Fuel (0, 0.7299999999999998, 1)
0: Thermal (0, 160, 500)
0: Health (0, 0.7299999999999998, 1)[0m
[90m16:56:56.399[0m 28 [0m[TELEMETRY] GENERATOR.GO temperature change: 165[0m
[90m16:56:56.399[0m 28 [0m[TELEMETRY] SIMULATION.GO {0}: Generator
0: Power (0, 1, 1)
0: Fuel (0, 0.7199999999999998, 1)
0: Thermal (0, 165, 500)
0: Health (0, 0.7199999999999998, 1)[0m
[90m16:56:57.400[0m 29 [0m[TELEMETRY] GENERATOR.GO temperature change: 170[0m
[90m16:56:57.400[0m 29 [0m[TELEMETRY] SIMULATION.GO {0}: Generator
0: Power (0, 1, 1)
0: Fuel (0, 0.7099999999999997, 1)
0: Thermal (0, 170, 500)
0: Health (0, 0.7099999999999997, 1)[0m
[90m16:56:58.401[0m 30 [0m[TELEMETRY] GENERATOR.GO temperature change: 175[0m
[90m16:56:58.401[0m 30 [0m[TELEMETRY] SIMULATION.GO {0}: Generator
0: Power (0, 1, 1)
0: Fuel (0, 0.6999999999999997, 1)
0: Thermal (0, 175, 500)
0: Health (0, 0.6999999999999997, 1)[0m
[90m16:56:59.402[0m 31 [0m[TELEMETRY] GENERATOR.GO temperature change: 180[0m
[90m16:56:59.402[0m 31 [0m[TELEMETRY] SIMULATION.GO {0}: Generator
0: Power (0, 1, 1)
0: Fuel (0, 0.6899999999999997, 1)
0: Thermal (0, 180, 500)
0: Health (0, 0.6899999999999997, 1)[0m
[90m16:57:00.403[0m 32 [0m[TELEMETRY] GENERATOR.GO temperature change: 185[0m
[90m16:57:00.403[0m 32 [0m[TELEMETRY] SIMULATION.GO {0}: Generator
0: Power (0, 1, 1)
0: Fuel (0, 0.6799999999999997, 1)
0: Thermal (0, 185, 500)
0: Health (0, 0.6799999999999997, 1)[0m
[90m16:57:01.404[0m 33 [0m[TELEMETRY] GENERATOR.GO temperature change: 190[0m
[90m16:57:01.404[0m 33 [0m[TELEMETRY] SIMULATION.GO {0}: Generator
0: Power (0, 1, 1)
0: Fuel (0, 0.6699999999999997, 1)
0: Thermal (0, 190, 500)
0: Health (0, 0.6699999999999997, 1)[0m
[90m16:57:02.405[0m 34 [0m[TELEMETRY] GENERATOR.GO temperature change: 195[0m
[90m16:57:02.405[0m 34 [0m[TELEMETRY] SIMULATION.GO {0}: Generator
0: Power (0, 1, 1)
0: Fuel (0, 0.6599999999999997, 1)
0: Thermal (0, 195, 500)
0: Health (0, 0.6599999999999997, 1)[0m
[90m16:57:03.406[0m 34 [0m[TELEMETRY] GENERATOR.GO temperature change: 200[0m
[90m16:57:03.406[0m 35 [0m[TELEMETRY] SIMULATION.GO {0}: Generator
0: Power (0, 1, 1)
0: Fuel (0, 0.6499999999999997, 1)
0: Thermal (0, 200, 500)
0: Health (0, 0.6499999999999997, 1)[0m
[90m16:57:04.407[0m 36 [0m[TELEMETRY] GENERATOR.GO temperature change: 205[0m
[90m16:57:04.407[0m 36 [0m[TELEMETRY] SIMULATION.GO {0}: Generator
0: Power (0, 1, 1)
0: Fuel (0, 0.6399999999999997, 1)
0: Thermal (0, 205, 500)
0: Health (0, 0.6399999999999997, 1)[0m
[90m16:57:05.408[0m 37 [0m[TELEMETRY] GENERATOR.GO temperature change: 210[0m
[90m16:57:05.408[0m 37 [0m[TELEMETRY] SIMULATION.GO {0}: Generator
0: Power (0, 1, 1)
0: Fuel (0, 0.6299999999999997, 1)
0: Thermal (0, 210, 500)
0: Health (0, 0.6299999999999997, 1)[0m
[90m16:57:06.409[0m 38 [0m[TELEMETRY] GENERATOR.GO temperature change: 215[0m
[90m16:57:06.409[0m 38 [0m[TELEMETRY] SIMULATION.GO {0}: Generator
0: Power (0, 1, 1)
0: Fuel (0, 0.6199999999999997, 1)
0: Thermal (0, 215, 500)
0: Health (0, 0.6199999999999997, 1)[0m
[90m16:57:07.410[0m 39 [0m[TELEMETRY] GENERATOR.GO temperature change: 220[0m
[90m16:57:07.410[0m 39 [0m[TELEMETRY] SIMULATION.GO {0}: Generator
0: Power (0, 1, 1)
0: Fuel (0, 0.6099999999999997, 1)
0: Thermal (0, 220, 500)
0: Health (0, 0.6099999999999997, 1)[0m
[90m16:57:08.412[0m 39 [0m[TELEMETRY] GENERATOR.GO temperature change: 225[0m
[90m16:57:08.412[0m 40 [0m[TELEMETRY] SIMULATION.GO {0}: Generator
0: Power (0, 1, 1)
0: Fuel (0, 0.5999999999999996, 1)
0: Thermal (0, 225, 500)
0: Health (0, 0.5999999999999996, 1)[0m
[90m16:57:09.413[0m 41 [0m[TELEMETRY] GENERATOR.GO temperature change: 230[0m
[90m16:57:09.413[0m 41 [0m[TELEMETRY] SIMULATION.GO {0}: Generator
0: Power (0, 1, 1)
0: Fuel (0, 0.5899999999999996, 1)
0: Thermal (0, 230, 500)
0: Health (0, 0.5899999999999996, 1)[0m
[90m16:57:10.414[0m 42 [0m[TELEMETRY] GENERATOR.GO temperature change: 235[0m
[90m16:57:10.414[0m 42 [0m[TELEMETRY] SIMULATION.GO {0}: Generator
0: Power (0, 1, 1)
0: Fuel (0, 0.5799999999999996, 1)
0: Thermal (0, 235, 500)
0: Health (0, 0.5799999999999996, 1)[0m
[90m16:57:11.415[0m 43 [0m[TELEMETRY] GENERATOR.GO temperature change: 240[0m
[90m16:57:11.415[0m 43 [0m[TELEMETRY] SIMULATION.GO {0}: Generator
0: Power (0, 1, 1)
0: Fuel (0, 0.5699999999999996, 1)
0: Thermal (0, 240, 500)
0: Health (0, 0.5699999999999996, 1)[0m
[90m16:57:12.416[0m 43 [0m[TELEMETRY] GENERATOR.GO temperature change: 245[0m
[90m16:57:12.416[0m 44 [0m[TELEMETRY] SIMULATION.GO {0}: Generator
0: Power (0, 1, 1)
0: Fuel (0, 0.5599999999999996, 1)
0: Thermal (0, 245, 500)
0: Health (0, 0.5599999999999996, 1)[0m
[90m16:57:13.418[0m 45 [0m[TELEMETRY] GENERATOR.GO temperature change: 250[0m
[90m16:57:13.418[0m 45 [0m[TELEMETRY] SIMULATION.GO {0}: Generator
0: Power (0, 1, 1)
0: Fuel (0, 0.5499999999999996, 1)
0: Thermal (0, 250, 500)
0: Health (0, 0.5499999999999996, 1)[0m
[90m16:57:14.418[0m 46 [0m[TELEMETRY] GENERATOR.GO temperature change: 255[0m
[90m16:57:14.418[0m 46 [0m[TELEMETRY] SIMULATION.GO {0}: Generator
0: Power (0, 1, 1)
0: Fuel (0, 0.5399999999999996, 1)
0: Thermal (0, 255, 500)
0: Health (0, 0.5399999999999996, 1)[0m
[90m16:57:15.420[0m 46 [0m[TELEMETRY] GENERATOR.GO temperature change: 260[0m
[90m16:57:15.420[0m 47 [0m[TELEMETRY] SIMULATION.GO {0}: Generator
0: Power (0, 1, 1)
0: Fuel (0, 0.5299999999999996, 1)
0: Thermal (0, 260, 500)
0: Health (0, 0.5299999999999996, 1)[0m
[90m16:57:16.421[0m 48 [0m[TELEMETRY] GENERATOR.GO temperature change: 265[0m
[90m16:57:16.421[0m 48 [0m[TELEMETRY] SIMULATION.GO {0}: Generator
0: Power (0, 1, 1)
0: Fuel (0, 0.5199999999999996, 1)
0: Thermal (0, 265, 500)
0: Health (0, 0.5199999999999996, 1)[0m
[90m16:57:17.422[0m 48 [0m[TELEMETRY] GENERATOR.GO temperature change: 270[0m
[90m16:57:17.422[0m 49 [0m[TELEMETRY] SIMULATION.GO {0}: Generator
0: Power (0, 1, 1)
0: Fuel (0, 0.5099999999999996, 1)
0: Thermal (0, 270, 500)
0: Health (0, 0.5099999999999996, 1)[0m
[90m16:57:18.423[0m 50 [0m[TELEMETRY] GENERATOR.GO temperature change: 275[0m
[90m16:57:18.423[0m 50 [0m[TELEMETRY] SIMULATION.GO {0}: Generator
0: Power (0, 1, 1)
0: Fuel (0, 0.49999999999999956, 1)
0: Thermal (0, 275, 500)
0: Health (0, 0.49999999999999956, 1)[0m
[90m16:57:19.424[0m 51 [0m[TELEMETRY] GENERATOR.GO temperature change: 280[0m
[90m16:57:19.424[0m 51 [0m[TELEMETRY] SIMULATION.GO {0}: Generator
0: Power (0, 1, 1)
0: Fuel (0, 0.48999999999999955, 1)
0: Thermal (0, 280, 500)
0: Health (0, 0.48999999999999955, 1)[0m
[90m16:57:20.425[0m 52 [0m[TELEMETRY] GENERATOR.GO temperature change: 285[0m
[90m16:57:20.425[0m 52 [0m[TELEMETRY] SIMULATION.GO {0}: Generator
0: Power (0, 1, 1)
0: Fuel (0, 0.47999999999999954, 1)
0: Thermal (0, 285, 500)
0: Health (0, 0.47999999999999954, 1)[0m
[90m16:57:21.426[0m 52 [0m[TELEMETRY] GENERATOR.GO temperature change: 290[0m
[90m16:57:21.426[0m 53 [0m[TELEMETRY] SIMULATION.GO {0}: Generator
0: Power (0, 1, 1)
0: Fuel (0, 0.46999999999999953, 1)
0: Thermal (0, 290, 500)
0: Health (0, 0.46999999999999953, 1)[0m
[90m16:57:22.427[0m 54 [0m[TELEMETRY] GENERATOR.GO temperature change: 295[0m
[90m16:57:22.427[0m 54 [0m[TELEMETRY] SIMULATION.GO {0}: Generator
0: Power (0, 1, 1)
0: Fuel (0, 0.4599999999999995, 1)
0: Thermal (0, 295, 500)
0: Health (0, 0.4599999999999995, 1)[0m
[90m16:57:23.428[0m 54 [0m[TELEMETRY] GENERATOR.GO temperature change: 300[0m
[90m16:57:23.428[0m 55 [0m[TELEMETRY] SIMULATION.GO {0}: Generator
0: Power (0, 1, 1)
0: Fuel (0, 0.4499999999999995, 1)
0: Thermal (0, 300, 500)
0: Health (0, 0.4499999999999995, 1)[0m
[90m16:57:24.429[0m 56 [0m[TELEMETRY] GENERATOR.GO temperature change: 305[0m
[90m16:57:24.429[0m 56 [0m[TELEMETRY] SIMULATION.GO {0}: Generator
0: Power (0, 1, 1)
0: Fuel (0, 0.4399999999999995, 1)
0: Thermal (0, 305, 500)
0: Health (0, 0.4399999999999995, 1)[0m
[90m16:57:25.430[0m 57 [0m[TELEMETRY] GENERATOR.GO temperature change: 310[0m
[90m16:57:25.430[0m 57 [0m[TELEMETRY] SIMULATION.GO {0}: Generator
0: Power (0, 1, 1)
0: Fuel (0, 0.4299999999999995, 1)
0: Thermal (0, 310, 500)
0: Health (0, 0.4299999999999995, 1)[0m
[90m16:57:26.432[0m 58 [0m[TELEMETRY] GENERATOR.GO temperature change: 315[0m
[90m16:57:26.432[0m 58 [0m[TELEMETRY] SIMULATION.GO {0}: Generator
0: Power (0, 1, 1)
0: Fuel (0, 0.4199999999999995, 1)
0: Thermal (0, 315, 500)
0: Health (0, 0.4199999999999995, 1)[0m
[90m16:57:27.432[0m 59 [0m[TELEMETRY] GENERATOR.GO temperature change: 320[0m
[90m16:57:27.432[0m 59 [0m[TELEMETRY] SIMULATION.GO {0}: Generator
0: Power (0, 1, 1)
0: Fuel (0, 0.4099999999999995, 1)
0: Thermal (0, 320, 500)
0: Health (0, 0.4099999999999995, 1)[0m
[90m16:57:28.433[0m 60 [0m[TELEMETRY] GENERATOR.GO temperature change: 325[0m
[90m16:57:28.433[0m 60 [0m[TELEMETRY] SIMULATION.GO {0}: Generator
0: Power (0, 1, 1)
0: Fuel (0, 0.39999999999999947, 1)
0: Thermal (0, 325, 500)
0: Health (0, 0.39999999999999947, 1)[0m
[90m16:57:29.434[0m 61 [0m[TELEMETRY] GENERATOR.GO temperature change: 330[0m
[90m16:57:29.434[0m 61 [0m[TELEMETRY] SIMULATION.GO {0}: Generator
0: Power (0, 1, 1)
0: Fuel (0, 0.38999999999999946, 1)
0: Thermal (0, 330, 500)
0: Health (0, 0.38999999999999946, 1)[0m
[90m16:57:30.435[0m 62 [0m[TELEMETRY] GENERATOR.GO temperature change: 335[0m
[90m16:57:30.435[0m 62 [0m[TELEMETRY] SIMULATION.GO {0}: Generator
0: Power (0, 1, 1)
0: Fuel (0, 0.37999999999999945, 1)
0: Thermal (0, 335, 500)
0: Health (0, 0.37999999999999945, 1)[0m
[90m16:57:54.230[0m 1 [0m[TELEMETRY] GENERATOR.GO temperature change: 30[0m
[90m16:57:54.230[0m 1 [0m[TELEMETRY] SIMULATION.GO {0}: Generator
0: Power (0, 1, 1) 1
0: Fuel (0, 0.99, 1) 0.99
0: Thermal (0, 30, 500) 1
0: Health (0, 0.99, 1) 0.99[0m
[90m16:57:55.231[0m 1 [0m[TELEMETRY] GENERATOR.GO temperature change: 35[0m
[90m16:57:55.232[0m 2 [0m[TELEMETRY] SIMULATION.GO {0}: Generator
0: Power (0, 1, 1) 1
0: Fuel (0, 0.98, 1) 0.98
0: Thermal (0, 35, 500) 1
0: Health (0, 0.98, 1) 0.98[0m
[90m16:57:56.232[0m 3 [0m[TELEMETRY] GENERATOR.GO temperature change: 40[0m
[90m16:57:56.233[0m 3 [0m[TELEMETRY] SIMULATION.GO {0}: Generator
0: Power (0, 1, 1) 1
0: Fuel (0, 0.97, 1) 0.97
0: Thermal (0, 40, 500) 1
0: Health (0, 0.97, 1) 0.97[0m
[90m16:57:57.234[0m 3 [0m[TELEMETRY] GENERATOR.GO temperature change: 45[0m
[90m16:57:57.234[0m 4 [0m[TELEMETRY] SIMULATION.GO {0}: Generator
0: Power (0, 1, 1) 1
0: Fuel (0, 0.96, 1) 0.96
0: Thermal (0, 45, 500) 1
0: Health (0, 0.96, 1) 0.96[0m
[90m16:57:58.234[0m 5 [0m[TELEMETRY] GENERATOR.GO temperature change: 50[0m
[90m16:57:58.234[0m 5 [0m[TELEMETRY] SIMULATION.GO {0}: Generator
0: Power (0, 1, 1) 1
0: Fuel (0, 0.95, 1) 0.95
0: Thermal (0, 50, 500) 1
0: Health (0, 0.95, 1) 0.95[0m
[90m16:57:59.235[0m 6 [0m[TELEMETRY] GENERATOR.GO temperature change: 55[0m
[90m16:57:59.235[0m 6 [0m[TELEMETRY] SIMULATION.GO {0}: Generator
0: Power (0, 1, 1) 1
0: Fuel (0, 0.94, 1) 0.94
0: Thermal (0, 55, 500) 1
0: Health (0, 0.94, 1) 0.94[0m
[90m16:58:00.236[0m 7 [0m[TELEMETRY] GENERATOR.GO temperature change: 60[0m
[90m16:58:00.236[0m 7 [0m[TELEMETRY] SIMULATION.GO {0}: Generator
0: Power (0, 1, 1) 1
0: Fuel (0, 0.9299999999999999, 1) 0.9299999999999999
0: Thermal (0, 60, 500) 1
0: Health (0, 0.9299999999999999, 1) 0.9299999999999999[0m
[90m16:58:01.238[0m 8 [0m[TELEMETRY] GENERATOR.GO temperature change: 65[0m
[90m16:58:01.238[0m 8 [0m[TELEMETRY] SIMULATION.GO {0}: Generator
0: Power (0, 1, 1) 1
0: Fuel (0, 0.9199999999999999, 1) 0.9199999999999999
0: Thermal (0, 65, 500) 1
0: Health (0, 0.9199999999999999, 1) 0.9199999999999999[0m
[90m16:58:02.239[0m 8 [0m[TELEMETRY] GENERATOR.GO temperature change: 70[0m
[90m16:58:02.239[0m 9 [0m[TELEMETRY] SIMULATION.GO {0}: Generator
0: Power (0, 1, 1) 1
0: Fuel (0, 0.9099999999999999, 1) 0.9099999999999999
0: Thermal (0, 70, 500) 1
0: Health (0, 0.9099999999999999, 1) 0.9099999999999999[0m
[90m16:58:03.240[0m 10 [0m[TELEMETRY] GENERATOR.GO temperature change: 75[0m
[90m16:58:03.240[0m 10 [0m[TELEMETRY] SIMULATION.GO {0}: Generator
0: Power (0, 1, 1) 1
0: Fuel (0, 0.8999999999999999, 1) 0.8999999999999999
0: Thermal (0, 75, 500) 1
0: Health (0, 0.8999999999999999, 1) 0.8999999999999999[0m
[90m16:58:04.241[0m 11 [0m[TELEMETRY] GENERATOR.GO temperature change: 80[0m
[90m16:58:04.241[0m 11 [0m[TELEMETRY] SIMULATION.GO {0}: Generator
0: Power (0, 1, 1) 1
0: Fuel (0, 0.8899999999999999, 1) 0.8899999999999999
0: Thermal (0, 80, 500) 1
0: Health (0, 0.8899999999999999, 1) 0.8899999999999999[0m
[90m16:58:05.241[0m 12 [0m[TELEMETRY] GENERATOR.GO temperature change: 85[0m
[90m16:58:05.241[0m 12 [0m[TELEMETRY] SIMULATION.GO {0}: Generator
0: Power (0, 1, 1) 1
0: Fuel (0, 0.8799999999999999, 1) 0.8799999999999999
0: Thermal (0, 85, 500) 1
0: Health (0, 0.8799999999999999, 1) 0.8799999999999999[0m
[90m16:58:06.243[0m 12 [0m[TELEMETRY] GENERATOR.GO temperature change: 90[0m
[90m16:58:06.243[0m 13 [0m[TELEMETRY] SIMULATION.GO {0}: Generator
0: Power (0, 1, 1) 1
0: Fuel (0, 0.8699999999999999, 1) 0.8699999999999999
0: Thermal (0, 90, 500) 1
0: Health (0, 0.8699999999999999, 1) 0.8699999999999999[0m
[90m16:58:07.244[0m 13 [0m[TELEMETRY] GENERATOR.GO temperature change: 95[0m
[90m16:58:07.244[0m 14 [0m[TELEMETRY] SIMULATION.GO {0}: Generator
0: Power (0, 1, 1) 1
0: Fuel (0, 0.8599999999999999, 1) 0.8599999999999999
0: Thermal (0, 95, 500) 1
0: Health (0, 0.8599999999999999, 1) 0.8599999999999999[0m
[90m16:58:08.245[0m 14 [0m[TELEMETRY] GENERATOR.GO temperature change: 100[0m
[90m16:58:08.245[0m 15 [0m[TELEMETRY] SIMULATION.GO {0}: Generator
0: Power (0, 1, 1) 1
0: Fuel (0, 0.8499999999999999, 1) 0.8499999999999999
0: Thermal (0, 100, 500) 1
0: Health (0, 0.8499999999999999, 1) 0.8499999999999999[0m
[90m16:58:09.246[0m 16 [0m[TELEMETRY] GENERATOR.GO temperature change: 105[0m
[90m16:58:09.246[0m 16 [0m[TELEMETRY] SIMULATION.GO {0}: Generator
0: Power (0, 1, 1) 1
0: Fuel (0, 0.8399999999999999, 1) 0.8399999999999999
0: Thermal (0, 105, 500) 1
0: Health (0, 0.8399999999999999, 1) 0.8399999999999999[0m
[90m16:58:10.247[0m 16 [0m[TELEMETRY] GENERATOR.GO temperature change: 110[0m
[90m16:58:10.247[0m 17 [0m[TELEMETRY] SIMULATION.GO {0}: Generator
0: Power (0, 1, 1) 1
0: Fuel (0, 0.8299999999999998, 1) 0.8299999999999998
0: Thermal (0, 110, 500) 1
0: Health (0, 0.8299999999999998, 1) 0.8299999999999998[0m
[90m16:58:11.249[0m 18 [0m[TELEMETRY] GENERATOR.GO temperature change: 115[0m
[90m16:58:11.249[0m 18 [0m[TELEMETRY] SIMULATION.GO {0}: Generator
0: Power (0, 1, 1) 1
0: Fuel (0, 0.8199999999999998, 1) 0.8199999999999998
0: Thermal (0, 115, 500) 1
0: Health (0, 0.8199999999999998, 1) 0.8199999999999998[0m
[90m16:58:12.250[0m 18 [0m[TELEMETRY] GENERATOR.GO temperature change: 120[0m
[90m16:58:12.250[0m 19 [0m[TELEMETRY] SIMULATION.GO {0}: Generator
0: Power (0, 1, 1) 1
0: Fuel (0, 0.8099999999999998, 1) 0.8099999999999998
0: Thermal (0, 120, 500) 1
0: Health (0, 0.8099999999999998, 1) 0.8099999999999998[0m
[90m16:58:13.251[0m 20 [0m[TELEMETRY] GENERATOR.GO temperature change: 125[0m
[90m16:58:13.251[0m 20 [0m[TELEMETRY] SIMULATION.GO {0}: Generator
0: Power (0, 1, 1) 1
0: Fuel (0, 0.7999999999999998, 1) 0.7999999999999998
0: Thermal (0, 125, 500) 1
0: Health (0, 0.7999999999999998, 1) 0.7999999999999998[0m
[90m16:58:14.252[0m 20 [0m[TELEMETRY] GENERATOR.GO temperature change: 130[0m
[90m16:58:14.252[0m 21 [0m[TELEMETRY] SIMULATION.GO {0}: Generator
0: Power (0, 1, 1) 1
0: Fuel (0, 0.7899999999999998, 1) 0.7899999999999998
0: Thermal (0, 130, 500) 1
0: Health (0, 0.7899999999999998, 1) 0.7899999999999998[0m
[90m16:58:15.253[0m 22 [0m[TELEMETRY] GENERATOR.GO temperature change: 135[0m
[90m16:58:15.253[0m 22 [0m[TELEMETRY] SIMULATION.GO {0}: Generator
0: Power (0, 1, 1) 1
0: Fuel (0, 0.7799999999999998, 1) 0.7799999999999998
0: Thermal (0, 135, 500) 1
0: Health (0, 0.7799999999999998, 1) 0.7799999999999998[0m
[90m16:58:16.254[0m 22 [0m[TELEMETRY] GENERATOR.GO temperature change: 140[0m
[90m16:58:16.254[0m 23 [0m[TELEMETRY] SIMULATION.GO {0}: Generator
0: Power (0, 1, 1) 1
0: Fuel (0, 0.7699999999999998, 1) 0.7699999999999998
0: Thermal (0, 140, 500) 1
0: Health (0, 0.7699999999999998, 1) 0.7699999999999998[0m
[90m16:58:17.255[0m 23 [0m[TELEMETRY] GENERATOR.GO temperature change: 145[0m
[90m16:58:17.255[0m 24 [0m[TELEMETRY] SIMULATION.GO {0}: Generator
0: Power (0, 1, 1) 1
0: Fuel (0, 0.7599999999999998, 1) 0.7599999999999998
0: Thermal (0, 145, 500) 1
0: Health (0, 0.7599999999999998, 1) 0.7599999999999998[0m
[90m16:58:18.257[0m 25 [0m[TELEMETRY] GENERATOR.GO temperature change: 150[0m
[90m16:58:18.257[0m 25 [0m[TELEMETRY] SIMULATION.GO {0}: Generator
0: Power (0, 1, 1) 1
0: Fuel (0, 0.7499999999999998, 1) 0.7499999999999998
0: Thermal (0, 150, 500) 1
0: Health (0, 0.7499999999999998, 1) 0.7499999999999998[0m
[90m16:58:19.257[0m 26 [0m[TELEMETRY] GENERATOR.GO temperature change: 155[0m
[90m16:58:19.257[0m 26 [0m[TELEMETRY] SIMULATION.GO {0}: Generator
0: Power (0, 1, 1) 1
0: Fuel (0, 0.7399999999999998, 1) 0.7399999999999998
0: Thermal (0, 155, 500) 1
0: Health (0, 0.7399999999999998, 1) 0.7399999999999998[0m
[90m16:58:20.259[0m 27 [0m[TELEMETRY] GENERATOR.GO temperature change: 160[0m
[90m16:58:20.259[0m 27 [0m[TELEMETRY] SIMULATION.GO {0}: Generator
0: Power (0, 1, 1) 1
0: Fuel (0, 0.7299999999999998, 1) 0.7299999999999998
0: Thermal (0, 160, 500) 1
0: Health (0, 0.7299999999999998, 1) 0.7299999999999998[0m
[90m16:58:21.260[0m 28 [0m[TELEMETRY] GENERATOR.GO temperature change: 165[0m
[90m16:58:21.260[0m 28 [0m[TELEMETRY] SIMULATION.GO {0}: Generator
0: Power (0, 1, 1) 1
0: Fuel (0, 0.7199999999999998, 1) 0.7199999999999998
0: Thermal (0, 165, 500) 1
0: Health (0, 0.7199999999999998, 1) 0.7199999999999998[0m
[90m16:58:22.260[0m 28 [0m[TELEMETRY] GENERATOR.GO temperature change: 170[0m
[90m16:58:22.261[0m 29 [0m[TELEMETRY] SIMULATION.GO {0}: Generator
0: Power (0, 1, 1) 1
0: Fuel (0, 0.7099999999999997, 1) 0.7099999999999997
0: Thermal (0, 170, 500) 1
0: Health (0, 0.7099999999999997, 1) 0.7099999999999997[0m
[90m16:58:23.262[0m 29 [0m[TELEMETRY] GENERATOR.GO temperature change: 175[0m
[90m16:58:23.262[0m 30 [0m[TELEMETRY] SIMULATION.GO {0}: Generator
0: Power (0, 1, 1) 1
0: Fuel (0, 0.6999999999999997, 1) 0.6999999999999997
0: Thermal (0, 175, 500) 1
0: Health (0, 0.6999999999999997, 1) 0.6999999999999997[0m
[90m16:58:24.263[0m 31 [0m[TELEMETRY] GENERATOR.GO temperature change: 180[0m
[90m16:58:24.263[0m 31 [0m[TELEMETRY] SIMULATION.GO {0}: Generator
0: Power (0, 1, 1) 1
0: Fuel (0, 0.6899999999999997, 1) 0.6899999999999997
0: Thermal (0, 180, 500) 1
0: Health (0, 0.6899999999999997, 1) 0.6899999999999997[0m
[90m16:58:25.264[0m 32 [0m[TELEMETRY] GENERATOR.GO temperature change: 185[0m
[90m16:58:25.264[0m 32 [0m[TELEMETRY] SIMULATION.GO {0}: Generator
0: Power (0, 1, 1) 1
0: Fuel (0, 0.6799999999999997, 1) 0.6799999999999997
0: Thermal (0, 185, 500) 1
0: Health (0, 0.6799999999999997, 1) 0.6799999999999997[0m
[90m16:58:26.265[0m 32 [0m[TELEMETRY] GENERATOR.GO temperature change: 190[0m
[90m16:58:26.265[0m 33 [0m[TELEMETRY] SIMULATION.GO {0}: Generator
0: Power (0, 1, 1) 1
0: Fuel (0, 0.6699999999999997, 1) 0.6699999999999997
0: Thermal (0, 190, 500) 1
0: Health (0, 0.6699999999999997, 1) 0.6699999999999997[0m
[90m16:58:27.266[0m 34 [0m[TELEMETRY] GENERATOR.GO temperature change: 195[0m
[90m16:58:27.266[0m 34 [0m[TELEMETRY] SIMULATION.GO {0}: Generator
0: Power (0, 1, 1) 1
0: Fuel (0, 0.6599999999999997, 1) 0.6599999999999997
0: Thermal (0, 195, 500) 1
0: Health (0, 0.6599999999999997, 1) 0.6599999999999997[0m
[90m16:58:28.267[0m 34 [0m[TELEMETRY] GENERATOR.GO temperature change: 200[0m
[90m16:58:28.267[0m 35 [0m[TELEMETRY] SIMULATION.GO {0}: Generator
0: Power (0, 1, 1) 1
0: Fuel (0, 0.6499999999999997, 1) 0.6499999999999997
0: Thermal (0, 200, 500) 1
0: Health (0, 0.6499999999999997, 1) 0.6499999999999997[0m
[90m16:58:29.268[0m 35 [0m[TELEMETRY] GENERATOR.GO temperature change: 205[0m
[90m16:58:29.268[0m 36 [0m[TELEMETRY] SIMULATION.GO {0}: Generator
0: Power (0, 1, 1) 1
0: Fuel (0, 0.6399999999999997, 1) 0.6399999999999997
0: Thermal (0, 205, 500) 1
0: Health (0, 0.6399999999999997, 1) 0.6399999999999997[0m
[90m16:58:30.269[0m 37 [0m[TELEMETRY] GENERATOR.GO temperature change: 210[0m
[90m16:58:30.269[0m 37 [0m[TELEMETRY] SIMULATION.GO {0}: Generator
0: Power (0, 1, 1) 1
0: Fuel (0, 0.6299999999999997, 1) 0.6299999999999997
0: Thermal (0, 210, 500) 1
0: Health (0, 0.6299999999999997, 1) 0.6299999999999997[0m
[90m16:58:31.271[0m 37 [0m[TELEMETRY] GENERATOR.GO temperature change: 215[0m
[90m16:58:31.271[0m 38 [0m[TELEMETRY] SIMULATION.GO {0}: Generator
0: Power (0, 1, 1) 1
0: Fuel (0, 0.6199999999999997, 1) 0.6199999999999997
0: Thermal (0, 215, 500) 1
0: Health (0, 0.6199999999999997, 1) 0.6199999999999997[0m
[90m16:58:32.272[0m 39 [0m[TELEMETRY] GENERATOR.GO temperature change: 220[0m
[90m16:58:32.272[0m 39 [0m[TELEMETRY] SIMULATION.GO {0}: Generator
0: Power (0, 1, 1) 1
0: Fuel (0, 0.6099999999999997, 1) 0.6099999999999997
0: Thermal (0, 220, 500) 1
0: Health (0, 0.6099999999999997, 1) 0.6099999999999997[0m
[90m16:58:33.273[0m 40 [0m[TELEMETRY] GENERATOR.GO temperature change: 225[0m
[90m16:58:33.273[0m 40 [0m[TELEMETRY] SIMULATION.GO {0}: Generator
0: Power (0, 1, 1) 1
0: Fuel (0, 0.5999999999999996, 1) 0.5999999999999996
0: Thermal (0, 225, 500) 1
0: Health (0, 0.5999999999999996, 1) 0.5999999999999996[0m
[90m16:58:34.274[0m 40 [0m[TELEMETRY] GENERATOR.GO temperature change: 230[0m
[90m16:58:34.274[0m 41 [0m[TELEMETRY] SIMULATION.GO {0}: Generator
0: Power (0, 1, 1) 1
0: Fuel (0, 0.5899999999999996, 1) 0.5899999999999996
0: Thermal (0, 230, 500) 1
0: Health (0, 0.5899999999999996, 1) 0.5899999999999996[0m
[90m17:00:48.370[0m 1 [0m[TELEMETRY] SIMULATION.GO {0}: Generator
0: Power (0, 0, 1) 0
0: Fuel (0, 1, 1) 1
0: Thermal (0, 25, 500) 500
0: Health (0, 0.99, 1) 0.99[0m
[90m17:00:49.372[0m 2 [0m[TELEMETRY] SIMULATION.GO {0}: Generator
0: Power (0, 0, 1) 0
0: Fuel (0, 1, 1) 1
0: Thermal (0, 25, 500) 500
0: Health (0, 0.98, 1) 0.98[0m
[90m17:00:50.372[0m 3 [0m[TELEMETRY] SIMULATION.GO {0}: Generator
0: Power (0, 0, 1) 0
0: Fuel (0, 1, 1) 1
0: Thermal (0, 25, 500) 500
0: Health (0, 0.97, 1) 0.97[0m
[90m17:00:51.373[0m 4 [0m[TELEMETRY] SIMULATION.GO {0}: Generator
0: Power (0, 0, 1) 0
0: Fuel (0, 1, 1) 1
0: Thermal (0, 25, 500) 500
0: Health (0, 0.96, 1) 0.96[0m
[90m17:00:52.374[0m 5 [0m[TELEMETRY] SIMULATION.GO {0}: Generator
0: Power (0, 0, 1) 0
0: Fuel (0, 1, 1) 1
0: Thermal (0, 25, 500) 500
0: Health (0, 0.95, 1) 0.95[0m
[90m17:00:53.375[0m 6 [0m[TELEMETRY] SIMULATION.GO {0}: Generator
0: Power (0, 0, 1) 0
0: Fuel (0, 1, 1) 1
0: Thermal (0, 25, 500) 500
0: Health (0, 0.94, 1) 0.94[0m
[90m17:05:25.054[0m 1 [0m[TELEMETRY] SIMULATION.GO {0}: Generator
0: Power (0, 0, 1) 0
0: Fuel (0, 1, 1) 1
0: Thermal (0, 25, 500) 507.49999999999994
0: Health (0, 0.99, 1) 0.99[0m
[90m17:05:26.055[0m 2 [0m[TELEMETRY] SIMULATION.GO {0}: Generator
0: Power (0, 0, 1) 0
0: Fuel (0, 1, 1) 1
0: Thermal (0, 25, 500) 507.49999999999994
0: Health (0, 0.98, 1) 0.98[0m
[90m17:06:54.396[0m 1 [0m[TELEMETRY] SIMULATION.GO {0}: Generator
0: Power (0, 0, 1) 0
0: Fuel (0, 1, 1) 1
0: Thermal (0, 25, 500) 500
0: Health (0, 0.99, 1) 0.99[0m
[90m17:08:22.092[0m 1 [0m[TELEMETRY] GENERATOR.GO temperature change: 30[0m
[90m17:08:22.092[0m 1 [0m[TELEMETRY] SIMULATION.GO {0}: Generator
0: Power (0, 1, 1) 1
0: Fuel (0, 0.99, 1) 0.99
0: Thermal (0, 30, 500) 91.94216039958933
0: Health (0, 0.99, 1) 0.99[0m
[90m17:08:23.093[0m 1 [0m[TELEMETRY] GENERATOR.GO temperature change: 35[0m
[90m17:08:23.093[0m 2 [0m[TELEMETRY] SIMULATION.GO {0}: Generator
0: Power (0, 1, 1) 1
0: Fuel (0, 0.98, 1) 0.98
0: Thermal (0, 35, 500) 106.82842588938418
0: Health (0, 0.98, 1) 0.98[0m
[90m17:08:24.094[0m 3 [0m[TELEMETRY] GENERATOR.GO temperature change: 40[0m
[90m17:08:24.094[0m 3 [0m[TELEMETRY] SIMULATION.GO {0}: Generator
0: Power (0, 1, 1) 1
0: Fuel (0, 0.97, 1) 0.97
0: Thermal (0, 40, 500) 121.51885692761103
0: Health (0, 0.97, 1) 0.97[0m
[90m17:08:25.095[0m 4 [0m[TELEMETRY] GENERATOR.GO temperature change: 45[0m
[90m17:08:25.095[0m 4 [0m[TELEMETRY] SIMULATION.GO {0}: Generator
0: Power (0, 1, 1) 1
0: Fuel (0, 0.96, 1) 0.96
0: Thermal (0, 45, 500) 135.98965270298885
0: Health (0, 0.96, 1) 0.96[0m
[90m17:08:26.096[0m 5 [0m[TELEMETRY] GENERATOR.GO temperature change: 50[0m
[90m17:08:26.096[0m 5 [0m[TELEMETRY] SIMULATION.GO {0}: Generator
0: Power (0, 1, 1) 1
0: Fuel (0, 0.95, 1) 0.95
0: Thermal (0, 50, 500) 150.21854857382706
0: Health (0, 0.95, 1) 0.95[0m
[90m17:08:27.097[0m 6 [0m[TELEMETRY] GENERATOR.GO temperature change: 55[0m
[90m17:08:27.097[0m 6 [0m[TELEMETRY] SIMULATION.GO {0}: Generator
0: Power (0, 1, 1) 1
0: Fuel (0, 0.94, 1) 0.94
0: Thermal (0, 55, 500) 164.18493040233335
0: Health (0, 0.94, 1) 0.94[0m
[90m17:08:28.098[0m 6 [0m[TELEMETRY] GENERATOR.GO temperature change: 60[0m
[90m17:08:28.098[0m 7 [0m[TELEMETRY] SIMULATION.GO {0}: Generator
0: Power (0, 1, 1) 1
0: Fuel (0, 0.9299999999999999, 1) 0.9299999999999999
0: Thermal (0, 60, 500) 177.86992611361055
0: Health (0, 0.9299999999999999, 1) 0.9299999999999999[0m
[90m17:08:29.100[0m 8 [0m[TELEMETRY] GENERATOR.GO temperature change: 65[0m
[90m17:08:29.100[0m 8 [0m[TELEMETRY] SIMULATION.GO {0}: Generator
0: Power (0, 1, 1) 1
0: Fuel (0, 0.9199999999999999, 1) 0.9199999999999999
0: Thermal (0, 65, 500) 191.2564741849621
0: Health (0, 0.9199999999999999, 1) 0.9199999999999999[0m
[90m17:08:30.101[0m 9 [0m[TELEMETRY] GENERATOR.GO temperature change: 70[0m
[90m17:08:30.101[0m 9 [0m[TELEMETRY] SIMULATION.GO {0}: Generator
0: Power (0, 1, 1) 1
0: Fuel (0, 0.9099999999999999, 1) 0.9099999999999999
0: Thermal (0, 70, 500) 204.32936925552679
0: Health (0, 0.9099999999999999, 1) 0.9099999999999999[0m
[90m17:09:01.442[0m 1 [0m[TELEMETRY] GENERATOR.GO temperature change: 30[0m
[90m17:09:01.442[0m 1 [0m[TELEMETRY] SIMULATION.GO {0}: Generator
0: Power (0.00, 1.00, 1.00) 1.00
0: Fuel (0.00, 0.99, 1.00) 0.99
0: Thermal (0.00, 30.00, 500.00) 91.94
0: Health (0.00, 0.99, 1.00) 0.99[0m
[90m17:09:02.443[0m 1 [0m[TELEMETRY] GENERATOR.GO temperature change: 35[0m
[90m17:09:02.443[0m 2 [0m[TELEMETRY] SIMULATION.GO {0}: Generator
0: Power (0.00, 1.00, 1.00) 1.00
0: Fuel (0.00, 0.98, 1.00) 0.98
0: Thermal (0.00, 35.00, 500.00) 106.83
0: Health (0.00, 0.98, 1.00) 0.98[0m
[90m17:09:03.444[0m 2 [0m[TELEMETRY] GENERATOR.GO temperature change: 40[0m
[90m17:09:03.445[0m 3 [0m[TELEMETRY] SIMULATION.GO {0}: Generator
0: Power (0.00, 1.00, 1.00) 1.00
0: Fuel (0.00, 0.97, 1.00) 0.97
0: Thermal (0.00, 40.00, 500.00) 121.52
0: Health (0.00, 0.97, 1.00) 0.97[0m
[90m17:09:04.446[0m 3 [0m[TELEMETRY] GENERATOR.GO temperature change: 45[0m
[90m17:09:04.446[0m 4 [0m[TELEMETRY] SIMULATION.GO {0}: Generator
0: Power (0.00, 1.00, 1.00) 1.00
0: Fuel (0.00, 0.96, 1.00) 0.96
0: Thermal (0.00, 45.00, 500.00) 135.99
0: Health (0.00, 0.96, 1.00) 0.96[0m
[90m17:09:05.447[0m 4 [0m[TELEMETRY] GENERATOR.GO temperature change: 50[0m
[90m17:09:05.447[0m 5 [0m[TELEMETRY] SIMULATION.GO {0}: Generator
0: Power (0.00, 1.00, 1.00) 1.00
0: Fuel (0.00, 0.95, 1.00) 0.95
0: Thermal (0.00, 50.00, 500.00) 150.22
0: Health (0.00, 0.95, 1.00) 0.95[0m
[90m17:09:06.448[0m 5 [0m[TELEMETRY] GENERATOR.GO temperature change: 55[0m
[90m17:09:06.448[0m 6 [0m[TELEMETRY] SIMULATION.GO {0}: Generator
0: Power (0.00, 1.00, 1.00) 1.00
0: Fuel (0.00, 0.94, 1.00) 0.94
0: Thermal (0.00, 55.00, 500.00) 164.18
0: Health (0.00, 0.94, 1.00) 0.94[0m
[90m17:09:07.449[0m 6 [0m[TELEMETRY] GENERATOR.GO temperature change: 60[0m
[90m17:09:07.449[0m 7 [0m[TELEMETRY] SIMULATION.GO {0}: Generator
0: Power (0.00, 1.00, 1.00) 1.00
0: Fuel (0.00, 0.93, 1.00) 0.93
0: Thermal (0.00, 60.00, 500.00) 177.87
0: Health (0.00, 0.93, 1.00) 0.93[0m
[90m17:09:08.451[0m 8 [0m[TELEMETRY] GENERATOR.GO temperature change: 65[0m
[90m17:09:08.451[0m 8 [0m[TELEMETRY] SIMULATION.GO {0}: Generator
0: Power (0.00, 1.00, 1.00) 1.00
0: Fuel (0.00, 0.92, 1.00) 0.92
0: Thermal (0.00, 65.00, 500.00) 191.26
0: Health (0.00, 0.92, 1.00) 0.92[0m
[90m17:09:09.452[0m 8 [0m[TELEMETRY] GENERATOR.GO temperature change: 70[0m
[90m17:09:09.452[0m 9 [0m[TELEMETRY] SIMULATION.GO {0}: Generator
0: Power (0.00, 1.00, 1.00) 1.00
0: Fuel (0.00, 0.91, 1.00) 0.91
0: Thermal (0.00, 70.00, 500.00) 204.33
0: Health (0.00, 0.91, 1.00) 0.91[0m
[90m17:09:10.452[0m 9 [0m[TELEMETRY] GENERATOR.GO temperature change: 75[0m
[90m17:09:10.452[0m 10 [0m[TELEMETRY] SIMULATION.GO {0}: Generator
0: Power (0.00, 1.00, 1.00) 1.00
0: Fuel (0.00, 0.90, 1.00) 0.90
0: Thermal (0.00, 75.00, 500.00) 217.08
0: Health (0.00, 0.90, 1.00) 0.90[0m
[90m17:09:11.453[0m 10 [0m[TELEMETRY] GENERATOR.GO temperature change: 80[0m
[90m17:09:11.453[0m 11 [0m[TELEMETRY] SIMULATION.GO {0}: Generator
0: Power (0.00, 1.00, 1.00) 1.00
0: Fuel (0.00, 0.89, 1.00) 0.89
0: Thermal (0.00, 80.00, 500.00) 229.48
0: Health (0.00, 0.89, 1.00) 0.89[0m
[90m17:09:12.455[0m 11 [0m[TELEMETRY] GENERATOR.GO temperature change: 85[0m
[90m17:09:12.455[0m 12 [0m[TELEMETRY] SIMULATION.GO {0}: Generator
0: Power (0.00, 1.00, 1.00) 1.00
0: Fuel (0.00, 0.88, 1.00) 0.88
0: Thermal (0.00, 85.00, 500.00) 241.54
0: Health (0.00, 0.88, 1.00) 0.88[0m
[90m17:09:13.456[0m 12 [0m[TELEMETRY] GENERATOR.GO temperature change: 90[0m
[90m17:09:13.456[0m 13 [0m[TELEMETRY] SIMULATION.GO {0}: Generator
0: Power (0.00, 1.00, 1.00) 1.00
0: Fuel (0.00, 0.87, 1.00) 0.87
0: Thermal (0.00, 90.00, 500.00) 253.25
0: Health (0.00, 0.87, 1.00) 0.87[0m
[90m17:09:14.457[0m 14 [0m[TELEMETRY] GENERATOR.GO temperature change: 95[0m
[90m17:09:14.457[0m 14 [0m[TELEMETRY] SIMULATION.GO {0}: Generator
0: Power (0.00, 1.00, 1.00) 1.00
0: Fuel (0.00, 0.86, 1.00) 0.86
0: Thermal (0.00, 95.00, 500.00) 264.59
0: Health (0.00, 0.86, 1.00) 0.86[0m
[90m17:09:15.458[0m 14 [0m[TELEMETRY] GENERATOR.GO temperature change: 100[0m
[90m17:09:15.458[0m 15 [0m[TELEMETRY] SIMULATION.GO {0}: Generator
0: Power (0.00, 1.00, 1.00) 1.00
0: Fuel (0.00, 0.85, 1.00) 0.85
0: Thermal (0.00, 100.00, 500.00) 275.56
0: Health (0.00, 0.85, 1.00) 0.85[0m
[90m17:09:16.459[0m 15 [0m[TELEMETRY] GENERATOR.GO temperature change: 105[0m
[90m17:09:16.459[0m 16 [0m[TELEMETRY] SIMULATION.GO {0}: Generator
0: Power (0.00, 1.00, 1.00) 1.00
0: Fuel (0.00, 0.84, 1.00) 0.84
0: Thermal (0.00, 105.00, 500.00) 286.17
0: Health (0.00, 0.84, 1.00) 0.84[0m
[90m17:09:17.461[0m 16 [0m[TELEMETRY] GENERATOR.GO temperature change: 110[0m
[90m17:09:17.461[0m 17 [0m[TELEMETRY] SIMULATION.GO {0}: Generator
0: Power (0.00, 1.00, 1.00) 1.00
0: Fuel (0.00, 0.83, 1.00) 0.83
0: Thermal (0.00, 110.00, 500.00) 296.41
0: Health (0.00, 0.83, 1.00) 0.83[0m
[90m17:09:18.461[0m 18 [0m[TELEMETRY] GENERATOR.GO temperature change: 115[0m
[90m17:09:18.461[0m 18 [0m[TELEMETRY] SIMULATION.GO {0}: Generator
0: Power (0.00, 1.00, 1.00) 1.00
0: Fuel (0.00, 0.82, 1.00) 0.82
0: Thermal (0.00, 115.00, 500.00) 306.28
0: Health (0.00, 0.82, 1.00) 0.82[0m
[90m17:09:19.462[0m 18 [0m[TELEMETRY] GENERATOR.GO temperature change: 120[0m
[90m17:09:19.462[0m 19 [0m[TELEMETRY] SIMULATION.GO {0}: Generator
0: Power (0.00, 1.00, 1.00) 1.00
0: Fuel (0.00, 0.81, 1.00) 0.81
0: Thermal (0.00, 120.00, 500.00) 315.78
0: Health (0.00, 0.81, 1.00) 0.81[0m
[90m17:09:20.464[0m 19 [0m[TELEMETRY] GENERATOR.GO temperature change: 125[0m
[90m17:09:20.464[0m 20 [0m[TELEMETRY] SIMULATION.GO {0}: Generator
0: Power (0.00, 1.00, 1.00) 1.00
0: Fuel (0.00, 0.80, 1.00) 0.80
0: Thermal (0.00, 125.00, 500.00) 324.91
0: Health (0.00, 0.80, 1.00) 0.80[0m
[90m17:09:21.465[0m 21 [0m[TELEMETRY] GENERATOR.GO temperature change: 130[0m
[90m17:09:21.465[0m 21 [0m[TELEMETRY] SIMULATION.GO {0}: Generator
0: Power (0.00, 1.00, 1.00) 1.00
0: Fuel (0.00, 0.79, 1.00) 0.79
0: Thermal (0.00, 130.00, 500.00) 333.69
0: Health (0.00, 0.79, 1.00) 0.79[0m
[90m17:09:22.466[0m 21 [0m[TELEMETRY] GENERATOR.GO temperature change: 135[0m
[90m17:09:22.466[0m 22 [0m[TELEMETRY] SIMULATION.GO {0}: Generator
0: Power (0.00, 1.00, 1.00) 1.00
0: Fuel (0.00, 0.78, 1.00) 0.78
0: Thermal (0.00, 135.00, 500.00) 342.11
0: Health (0.00, 0.78, 1.00) 0.78[0m
[90m17:09:23.467[0m 22 [0m[TELEMETRY] GENERATOR.GO temperature change: 140[0m
[90m17:09:23.467[0m 23 [0m[TELEMETRY] SIMULATION.GO {0}: Generator
0: Power (0.00, 1.00, 1.00) 1.00
0: Fuel (0.00, 0.77, 1.00) 0.77
0: Thermal (0.00, 140.00, 500.00) 350.18
0: Health (0.00, 0.77, 1.00) 0.77[0m
[90m17:09:24.468[0m 23 [0m[TELEMETRY] GENERATOR.GO temperature change: 145[0m
[90m17:09:24.468[0m 24 [0m[TELEMETRY] SIMULATION.GO {0}: Generator
0: Power (0.00, 1.00, 1.00) 1.00
0: Fuel (0.00, 0.76, 1.00) 0.76
0: Thermal (0.00, 145.00, 500.00) 357.91
0: Health (0.00, 0.76, 1.00) 0.76[0m
[90m17:09:25.469[0m 24 [0m[TELEMETRY] GENERATOR.GO temperature change: 150[0m
[90m17:09:25.470[0m 25 [0m[TELEMETRY] SIMULATION.GO {0}: Generator
0: Power (0.00, 1.00, 1.00) 1.00
0: Fuel (0.00, 0.75, 1.00) 0.75
0: Thermal (0.00, 150.00, 500.00) 365.30
0: Health (0.00, 0.75, 1.00) 0.75[0m
[90m17:09:26.471[0m 26 [0m[TELEMETRY] GENERATOR.GO temperature change: 155[0m
[90m17:09:26.471[0m 26 [0m[TELEMETRY] SIMULATION.GO {0}: Generator
0: Power (0.00, 1.00, 1.00) 1.00
0: Fuel (0.00, 0.74, 1.00) 0.74
0: Thermal (0.00, 155.00, 500.00) 372.36
0: Health (0.00, 0.74, 1.00) 0.74[0m
[90m17:09:27.472[0m 26 [0m[TELEMETRY] GENERATOR.GO temperature change: 160[0m
[90m17:09:27.472[0m 27 [0m[TELEMETRY] SIMULATION.GO {0}: Generator
0: Power (0.00, 1.00, 1.00) 1.00
0: Fuel (0.00, 0.73, 1.00) 0.73
0: Thermal (0.00, 160.00, 500.00) 379.11
0: Health (0.00, 0.73, 1.00) 0.73[0m
[90m17:09:28.473[0m 28 [0m[TELEMETRY] GENERATOR.GO temperature change: 165[0m
[90m17:09:28.473[0m 28 [0m[TELEMETRY] SIMULATION.GO {0}: Generator
0: Power (0.00, 1.00, 1.00) 1.00
0: Fuel (0.00, 0.72, 1.00) 0.72
0: Thermal (0.00, 165.00, 500.00) 385.54
0: Health (0.00, 0.72, 1.00) 0.72[0m
[90m17:09:29.474[0m 28 [0m[TELEMETRY] GENERATOR.GO temperature change: 170[0m
[90m17:09:29.474[0m 29 [0m[TELEMETRY] SIMULATION.GO {0}: Generator
0: Power (0.00, 1.00, 1.00) 1.00
0: Fuel (0.00, 0.71, 1.00) 0.71
0: Thermal (0.00, 170.00, 500.00) 391.68
0: Health (0.00, 0.71, 1.00) 0.71[0m
[90m17:09:30.475[0m 29 [0m[TELEMETRY] GENERATOR.GO temperature change: 175[0m
[90m17:09:30.475[0m 30 [0m[TELEMETRY] SIMULATION.GO {0}: Generator
0: Power (0.00, 1.00, 1.00) 1.00
0: Fuel (0.00, 0.70, 1.00) 0.70
0: Thermal (0.00, 175.00, 500.00) 397.52
0: Health (0.00, 0.70, 1.00) 0.70[0m
[90m17:09:31.476[0m 30 [0m[TELEMETRY] GENERATOR.GO temperature change: 180[0m
[90m17:09:31.476[0m 31 [0m[TELEMETRY] SIMULATION.GO {0}: Generator
0: Power (0.00, 1.00, 1.00) 1.00
0: Fuel (0.00, 0.69, 1.00) 0.69
0: Thermal (0.00, 180.00, 500.00) 403.09
0: Health (0.00, 0.69, 1.00) 0.69[0m
[90m17:09:32.477[0m 31 [0m[TELEMETRY] GENERATOR.GO temperature change: 185[0m
[90m17:09:32.477[0m 32 [0m[TELEMETRY] SIMULATION.GO {0}: Generator
0: Power (0.00, 1.00, 1.00) 1.00
0: Fuel (0.00, 0.68, 1.00) 0.68
0: Thermal (0.00, 185.00, 500.00) 408.38
0: Health (0.00, 0.68, 1.00) 0.68[0m
[90m17:09:33.477[0m 33 [0m[TELEMETRY] GENERATOR.GO temperature change: 190[0m
[90m17:09:33.478[0m 33 [0m[TELEMETRY] SIMULATION.GO {0}: Generator
0: Power (0.00, 1.00, 1.00) 1.00
0: Fuel (0.00, 0.67, 1.00) 0.67
0: Thermal (0.00, 190.00, 500.00) 413.41
0: Health (0.00, 0.67, 1.00) 0.67[0m
[90m17:09:34.478[0m 33 [0m[TELEMETRY] GENERATOR.GO temperature change: 195[0m
[90m17:09:34.478[0m 34 [0m[TELEMETRY] SIMULATION.GO {0}: Generator
0: Power (0.00, 1.00, 1.00) 1.00
0: Fuel (0.00, 0.66, 1.00) 0.66
0: Thermal (0.00, 195.00, 500.00) 418.19
0: Health (0.00, 0.66, 1.00) 0.66[0m
[90m17:09:55.314[0m 1 [0m[TELEMETRY] GENERATOR.GO temperature change: 50[0m
[90m17:09:55.314[0m 1 [0m[TELEMETRY] SIMULATION.GO {0}: Generator
0: Power (0.00, 1.00, 1.00) 1.00
0: Fuel (0.00, 0.95, 1.00) 0.95
0: Thermal (0.00, 50.00, 500.00) 150.22
0: Health (0.00, 0.95, 1.00) 0.95[0m
[90m17:09:56.315[0m 1 [0m[TELEMETRY] GENERATOR.GO temperature change: 75[0m
[90m17:09:56.315[0m 2 [0m[TELEMETRY] SIMULATION.GO {0}: Generator
0: Power (0.00, 1.00, 1.00) 1.00
0: Fuel (0.00, 0.90, 1.00) 0.90
0: Thermal (0.00, 75.00, 500.00) 217.08
0: Health (0.00, 0.90, 1.00) 0.90[0m
[90m17:09:57.316[0m 2 [0m[TELEMETRY] GENERATOR.GO temperature change: 100[0m
[90m17:09:57.317[0m 3 [0m[TELEMETRY] SIMULATION.GO {0}: Generator
0: Power (0.00, 1.00, 1.00) 1.00
0: Fuel (0.00, 0.85, 1.00) 0.85
0: Thermal (0.00, 100.00, 500.00) 275.56
0: Health (0.00, 0.85, 1.00) 0.85[0m
[90m17:09:58.318[0m 3 [0m[TELEMETRY] GENERATOR.GO temperature change: 125[0m
[90m17:09:58.318[0m 4 [0m[TELEMETRY] SIMULATION.GO {0}: Generator
0: Power (0.00, 1.00, 1.00) 1.00
0: Fuel (0.00, 0.80, 1.00) 0.80
0: Thermal (0.00, 125.00, 500.00) 324.91
0: Health (0.00, 0.80, 1.00) 0.80[0m
[90m17:09:59.319[0m 5 [0m[TELEMETRY] GENERATOR.GO temperature change: 150[0m
[90m17:09:59.319[0m 5 [0m[TELEMETRY] SIMULATION.GO {0}: Generator
0: Power (0.00, 1.00, 1.00) 1.00
0: Fuel (0.00, 0.75, 1.00) 0.75
0: Thermal (0.00, 150.00, 500.00) 365.30
0: Health (0.00, 0.75, 1.00) 0.75[0m
[90m17:10:00.320[0m 5 [0m[TELEMETRY] GENERATOR.GO temperature change: 175[0m
[90m17:10:00.320[0m 6 [0m[TELEMETRY] SIMULATION.GO {0}: Generator
0: Power (0.00, 1.00, 1.00) 1.00
0: Fuel (0.00, 0.70, 1.00) 0.70
0: Thermal (0.00, 175.00, 500.00) 397.52
0: Health (0.00, 0.70, 1.00) 0.70[0m
[90m17:10:01.321[0m 6 [0m[TELEMETRY] GENERATOR.GO temperature change: 200[0m
[90m17:10:01.321[0m 7 [0m[TELEMETRY] SIMULATION.GO {0}: Generator
0: Power (0.00, 1.00, 1.00) 1.00
0: Fuel (0.00, 0.65, 1.00) 0.65
0: Thermal (0.00, 200.00, 500.00) 422.73
0: Health (0.00, 0.65, 1.00) 0.65[0m
[90m17:10:02.323[0m 7 [0m[TELEMETRY] GENERATOR.GO temperature change: 225[0m
[90m17:10:02.323[0m 8 [0m[TELEMETRY] SIMULATION.GO {0}: Generator
0: Power (0.00, 1.00, 1.00) 1.00
0: Fuel (0.00, 0.60, 1.00) 0.60
0: Thermal (0.00, 225.00, 500.00) 442.13
0: Health (0.00, 0.60, 1.00) 0.60[0m
[90m17:10:03.324[0m 8 [0m[TELEMETRY] GENERATOR.GO temperature change: 250[0m
[90m17:10:03.324[0m 9 [0m[TELEMETRY] SIMULATION.GO {0}: Generator
0: Power (0.00, 1.00, 1.00) 1.00
0: Fuel (0.00, 0.55, 1.00) 0.55
0: Thermal (0.00, 250.00, 500.00) 456.89
0: Health (0.00, 0.55, 1.00) 0.55[0m
[90m17:10:04.325[0m 10 [0m[TELEMETRY] GENERATOR.GO temperature change: 275[0m
[90m17:10:04.325[0m 10 [0m[TELEMETRY] SIMULATION.GO {0}: Generator
0: Power (0.00, 1.00, 1.00) 1.00
0: Fuel (0.00, 0.50, 1.00) 0.50
0: Thermal (0.00, 275.00, 500.00) 468.02
0: Health (0.00, 0.50, 1.00) 0.50[0m
[90m17:10:05.326[0m 10 [0m[TELEMETRY] GENERATOR.GO temperature change: 300[0m
[90m17:10:05.326[0m 11 [0m[TELEMETRY] SIMULATION.GO {0}: Generator
0: Power (0.00, 1.00, 1.00) 1.00
0: Fuel (0.00, 0.45, 1.00) 0.45
0: Thermal (0.00, 300.00, 500.00) 476.34
0: Health (0.00, 0.45, 1.00) 0.45[0m
[90m17:10:06.327[0m 11 [0m[TELEMETRY] GENERATOR.GO temperature change: 325[0m
[90m17:10:06.328[0m 12 [0m[TELEMETRY] SIMULATION.GO {0}: Generator
0: Power (0.00, 1.00, 1.00) 1.00
0: Fuel (0.00, 0.40, 1.00) 0.40
0: Thermal (0.00, 325.00, 500.00) 482.54
0: Health (0.00, 0.40, 1.00) 0.40[0m
[90m17:10:07.329[0m 12 [0m[TELEMETRY] GENERATOR.GO temperature change: 350[0m
[90m17:10:07.329[0m 13 [0m[TELEMETRY] SIMULATION.GO {0}: Generator
0: Power (0.00, 1.00, 1.00) 1.00
0: Fuel (0.00, 0.35, 1.00) 0.35
0: Thermal (0.00, 350.00, 500.00) 487.13
0: Health (0.00, 0.35, 1.00) 0.35[0m
[90m17:10:08.330[0m 13 [0m[TELEMETRY] GENERATOR.GO temperature change: 375[0m
[90m17:10:08.330[0m 14 [0m[TELEMETRY] SIMULATION.GO {0}: Generator
0: Power (0.00, 1.00, 1.00) 1.00
0: Fuel (0.00, 0.30, 1.00) 0.30
0: Thermal (0.00, 375.00, 500.00) 490.53
0: Health (0.00, 0.30, 1.00) 0.30[0m
[90m17:10:09.331[0m 14 [0m[TELEMETRY] GENERATOR.GO temperature change: 400[0m
[90m17:10:09.331[0m 15 [0m[TELEMETRY] SIMULATION.GO {0}: Generator
0: Power (0.00, 1.00, 1.00) 1.00
0: Fuel (0.00, 0.25, 1.00) 0.25
0: Thermal (0.00, 400.00, 500.00) 493.04
0: Health (0.00, 0.25, 1.00) 0.25[0m
[90m17:10:10.332[0m 15 [0m[TELEMETRY] GENERATOR.GO temperature change: 425[0m
[90m17:10:10.332[0m 16 [0m[TELEMETRY] SIMULATION.GO {0}: Generator
0: Power (0.00, 1.00, 1.00) 1.00
0: Fuel (0.00, 0.20, 1.00) 0.20
0: Thermal (0.00, 425.00, 500.00) 494.88
0: Health (0.00, 0.20, 1.00) 0.20[0m
[90m17:10:11.333[0m 17 [0m[TELEMETRY] GENERATOR.GO temperature change: 450[0m
[90m17:10:11.333[0m 17 [0m[TELEMETRY] SIMULATION.GO {0}: Generator
0: Power (0.00, 1.00, 1.00) 1.00
0: Fuel (0.00, 0.15, 1.00) 0.15
0: Thermal (0.00, 450.00, 500.00) 496.24
0: Health (0.00, 0.15, 1.00) 0.15[0m
[90m17:10:12.335[0m 18 [0m[TELEMETRY] GENERATOR.GO temperature change: 475[0m
[90m17:10:12.335[0m 18 [0m[TELEMETRY] SIMULATION.GO {0}: Generator
0: Power (0.00, 1.00, 1.00) 1.00
0: Fuel (0.00, 0.10, 1.00) 0.10
0: Thermal (0.00, 475.00, 500.00) 497.24
0: Health (0.00, 0.10, 1.00) 0.10[0m
[90m17:10:13.336[0m 18 [0m[TELEMETRY] GENERATOR.GO temperature change: 500[0m
[90m17:10:13.336[0m 19 [0m[TELEMETRY] SIMULATION.GO {0}: Generator
0: Power (0.00, 1.00, 1.00) 1.00
0: Fuel (0.00, 0.05, 1.00) 0.05
0: Thermal (0.00, 500.00, 500.00) 497.97
0: Health (0.00, 0.05, 1.00) 0.05[0m
[90m17:10:14.337[0m 19 [0m[TELEMETRY] GENERATOR.GO temperature change: 525[0m
[90m17:10:14.337[0m 20 [0m[TELEMETRY] SIMULATION.GO {0}: Generator
0: Power (0.00, 1.00, 1.00) 1.00
0: Fuel (0.00, -0.00, 1.00) -0.00
0: Thermal (0.00, 525.00, 500.00) 498.51
0: Health (0.00, -0.00, 1.00) -0.00[0m
[90m17:10:15.338[0m 21 [0m[TELEMETRY] SIMULATION.GO {0}: Generator
0: Power (0.00, 0.00, 1.00) 0.00
0: Fuel (0.00, -0.00, 1.00) -0.00
0: Thermal (0.00, 525.00, 500.00) 498.51
0: Health (0.00, -0.05, 1.00) -0.05[0m
[90m17:10:16.340[0m 22 [0m[TELEMETRY] SIMULATION.GO {0}: Generator
0: Power (0.00, 0.00, 1.00) 0.00
0: Fuel (0.00, -0.00, 1.00) -0.00
0: Thermal (0.00, 525.00, 500.00) 498.51
0: Health (0.00, -0.10, 1.00) -0.10[0m
[90m17:10:17.341[0m 23 [0m[TELEMETRY] SIMULATION.GO {0}: Generator
0: Power (0.00, 0.00, 1.00) 0.00
0: Fuel (0.00, -0.00, 1.00) -0.00
0: Thermal (0.00, 525.00, 500.00) 498.51
0: Health (0.00, -0.15, 1.00) -0.15[0m
[90m17:10:18.342[0m 24 [0m[TELEMETRY] SIMULATION.GO {0}: Generator
0: Power (0.00, 0.00, 1.00) 0.00
0: Fuel (0.00, -0.00, 1.00) -0.00
0: Thermal (0.00, 525.00, 500.00) 498.51
0: Health (0.00, -0.20, 1.00) -0.20[0m
[90m17:10:19.343[0m 25 [0m[TELEMETRY] SIMULATION.GO {0}: Generator
0: Power (0.00, 0.00, 1.00) 0.00
0: Fuel (0.00, -0.00, 1.00) -0.00
0: Thermal (0.00, 525.00, 500.00) 498.51
0: Health (0.00, -0.25, 1.00) -0.25[0m
[90m17:10:20.344[0m 26 [0m[TELEMETRY] SIMULATION.GO {0}: Generator
0: Power (0.00, 0.00, 1.00) 0.00
0: Fuel (0.00, -0.00, 1.00) -0.00
0: Thermal (0.00, 525.00, 500.00) 498.51
0: Health (0.00, -0.30, 1.00) -0.30[0m
[90m17:10:21.345[0m 27 [0m[TELEMETRY] SIMULATION.GO {0}: Generator
0: Power (0.00, 0.00, 1.00) 0.00
0: Fuel (0.00, -0.00, 1.00) -0.00
0: Thermal (0.00, 525.00, 500.00) 498.51
0: Health (0.00, -0.35, 1.00) -0.35[0m
[90m17:10:22.347[0m 28 [0m[TELEMETRY] SIMULATION.GO {0}: Generator
0: Power (0.00, 0.00, 1.00) 0.00
0: Fuel (0.00, -0.00, 1.00) -0.00
0: Thermal (0.00, 525.00, 500.00) 498.51
0: Health (0.00, -0.40, 1.00) -0.40[0m
[90m17:10:23.348[0m 29 [0m[TELEMETRY] SIMULATION.GO {0}: Generator
0: Power (0.00, 0.00, 1.00) 0.00
0: Fuel (0.00, -0.00, 1.00) -0.00
0: Thermal (0.00, 525.00, 500.00) 498.51
0: Health (0.00, -0.45, 1.00) -0.45[0m
[90m17:10:24.349[0m 30 [0m[TELEMETRY] SIMULATION.GO {0}: Generator
0: Power (0.00, 0.00, 1.00) 0.00
0: Fuel (0.00, -0.00, 1.00) -0.00
0: Thermal (0.00, 525.00, 500.00) 498.51
0: Health (0.00, -0.50, 1.00) -0.50[0m
[90m17:11:10.021[0m 1 [0m[TELEMETRY] GENERATOR.GO temperature change: 50[0m
[90m17:11:10.022[0m 1 [0m[TELEMETRY] SIMULATION.GO {0}: Generator
0: Power (0.00, 1.00, 1.00) 1.00
0: Fuel (0.00, 0.95, 1.00) 0.95
0: Thermal (0.00, 50.00, 500.00) 150.22
0: Health (0.00, 0.95, 1.00) 0.95[0m
[90m17:11:11.023[0m 1 [0m[TELEMETRY] GENERATOR.GO temperature change: 75[0m
[90m17:11:11.023[0m 2 [0m[TELEMETRY] SIMULATION.GO {0}: Generator
0: Power (0.00, 1.00, 1.00) 1.00
0: Fuel (0.00, 0.90, 1.00) 0.90
0: Thermal (0.00, 75.00, 500.00) 217.08
0: Health (0.00, 0.90, 1.00) 0.90[0m
[90m17:11:12.024[0m 2 [0m[TELEMETRY] GENERATOR.GO temperature change: 100[0m
[90m17:11:12.024[0m 3 [0m[TELEMETRY] SIMULATION.GO {0}: Generator
0: Power (0.00, 1.00, 1.00) 1.00
0: Fuel (0.00, 0.85, 1.00) 0.85
0: Thermal (0.00, 100.00, 500.00) 275.56
0: Health (0.00, 0.85, 1.00) 0.85[0m
[90m17:11:13.025[0m 3 [0m[TELEMETRY] GENERATOR.GO temperature change: 125[0m
[90m17:11:13.025[0m 4 [0m[TELEMETRY] SIMULATION.GO {0}: Generator
0: Power (0.00, 1.00, 1.00) 1.00
0: Fuel (0.00, 0.80, 1.00) 0.80
0: Thermal (0.00, 125.00, 500.00) 324.91
0: Health (0.00, 0.80, 1.00) 0.80[0m
[90m17:11:14.027[0m 4 [0m[TELEMETRY] GENERATOR.GO temperature change: 150[0m
[90m17:11:14.027[0m 5 [0m[TELEMETRY] SIMULATION.GO {0}: Generator
0: Power (0.00, 1.00, 1.00) 1.00
0: Fuel (0.00, 0.75, 1.00) 0.75
0: Thermal (0.00, 150.00, 500.00) 365.30
0: Health (0.00, 0.75, 1.00) 0.75[0m
[90m17:11:15.028[0m 5 [0m[TELEMETRY] GENERATOR.GO temperature change: 175[0m
[90m17:11:15.028[0m 6 [0m[TELEMETRY] SIMULATION.GO {0}: Generator
0: Power (0.00, 1.00, 1.00) 1.00
0: Fuel (0.00, 0.70, 1.00) 0.70
0: Thermal (0.00, 175.00, 500.00) 397.52
0: Health (0.00, 0.70, 1.00) 0.70[0m
[90m17:11:16.029[0m 6 [0m[TELEMETRY] GENERATOR.GO temperature change: 200[0m
[90m17:11:16.029[0m 7 [0m[TELEMETRY] SIMULATION.GO {0}: Generator
0: Power (0.00, 1.00, 1.00) 1.00
0: Fuel (0.00, 0.65, 1.00) 0.65
0: Thermal (0.00, 200.00, 500.00) 422.73
0: Health (0.00, 0.65, 1.00) 0.65[0m
[90m17:11:17.030[0m 8 [0m[TELEMETRY] GENERATOR.GO temperature change: 225[0m
[90m17:11:17.030[0m 8 [0m[TELEMETRY] SIMULATION.GO {0}: Generator
0: Power (0.00, 1.00, 1.00) 1.00
0: Fuel (0.00, 0.60, 1.00) 0.60
0: Thermal (0.00, 225.00, 500.00) 442.13
0: Health (0.00, 0.60, 1.00) 0.60[0m
[90m17:11:18.031[0m 8 [0m[TELEMETRY] GENERATOR.GO temperature change: 250[0m
[90m17:11:18.031[0m 9 [0m[TELEMETRY] SIMULATION.GO {0}: Generator
0: Power (0.00, 1.00, 1.00) 1.00
0: Fuel (0.00, 0.55, 1.00) 0.55
0: Thermal (0.00, 250.00, 500.00) 456.89
0: Health (0.00, 0.55, 1.00) 0.55[0m
[90m17:11:19.033[0m 9 [0m[TELEMETRY] GENERATOR.GO temperature change: 275[0m
[90m17:11:19.033[0m 10 [0m[TELEMETRY] SIMULATION.GO {0}: Generator
0: Power (0.00, 1.00, 1.00) 1.00
0: Fuel (0.00, 0.50, 1.00) 0.50
0: Thermal (0.00, 275.00, 500.00) 468.02
0: Health (0.00, 0.50, 1.00) 0.50[0m
[90m17:11:20.034[0m 10 [0m[TELEMETRY] GENERATOR.GO temperature change: 300[0m
[90m17:11:20.034[0m 11 [0m[TELEMETRY] SIMULATION.GO {0}: Generator
0: Power (0.00, 1.00, 1.00) 1.00
0: Fuel (0.00, 0.45, 1.00) 0.45
0: Thermal (0.00, 300.00, 500.00) 476.34
0: Health (0.00, 0.45, 1.00) 0.45[0m
[90m17:11:21.035[0m 11 [0m[TELEMETRY] GENERATOR.GO temperature change: 325[0m
[90m17:11:21.035[0m 12 [0m[TELEMETRY] SIMULATION.GO {0}: Generator
0: Power (0.00, 1.00, 1.00) 1.00
0: Fuel (0.00, 0.40, 1.00) 0.40
0: Thermal (0.00, 325.00, 500.00) 482.54
0: Health (0.00, 0.40, 1.00) 0.40[0m
[90m17:11:22.036[0m 12 [0m[TELEMETRY] GENERATOR.GO temperature change: 350[0m
[90m17:11:22.036[0m 13 [0m[TELEMETRY] SIMULATION.GO {0}: Generator
0: Power (0.00, 1.00, 1.00) 1.00
0: Fuel (0.00, 0.35, 1.00) 0.35
0: Thermal (0.00, 350.00, 500.00) 487.13
0: Health (0.00, 0.35, 1.00) 0.35[0m
[90m17:11:23.038[0m 13 [0m[TELEMETRY] GENERATOR.GO temperature change: 375[0m
[90m17:11:23.038[0m 14 [0m[TELEMETRY] SIMULATION.GO {0}: Generator
0: Power (0.00, 1.00, 1.00) 1.00
0: Fuel (0.00, 0.30, 1.00) 0.30
0: Thermal (0.00, 375.00, 500.00) 490.53
0: Health (0.00, 0.30, 1.00) 0.30[0m
[90m17:11:24.039[0m 14 [0m[TELEMETRY] GENERATOR.GO temperature change: 400[0m
[90m17:11:24.039[0m 15 [0m[TELEMETRY] SIMULATION.GO {0}: Generator
0: Power (0.00, 1.00, 1.00) 1.00
0: Fuel (0.00, 0.25, 1.00) 0.25
0: Thermal (0.00, 400.00, 500.00) 493.04
0: Health (0.00, 0.25, 1.00) 0.25[0m
[90m17:11:25.040[0m 15 [0m[TELEMETRY] GENERATOR.GO temperature change: 425[0m
[90m17:11:25.040[0m 16 [0m[TELEMETRY] SIMULATION.GO {0}: Generator
0: Power (0.00, 1.00, 1.00) 1.00
0: Fuel (0.00, 0.20, 1.00) 0.20
0: Thermal (0.00, 425.00, 500.00) 494.88
0: Health (0.00, 0.20, 1.00) 0.20[0m
[90m17:11:26.041[0m 16 [0m[TELEMETRY] GENERATOR.GO temperature change: 450[0m
[90m17:11:26.041[0m 17 [0m[TELEMETRY] SIMULATION.GO {0}: Generator
0: Power (0.00, 1.00, 1.00) 1.00
0: Fuel (0.00, 0.15, 1.00) 0.15
0: Thermal (0.00, 450.00, 500.00) 496.24
0: Health (0.00, 0.15, 1.00) 0.15[0m
[90m17:11:27.043[0m 17 [0m[TELEMETRY] GENERATOR.GO temperature change: 475[0m
[90m17:11:27.043[0m 18 [0m[TELEMETRY] SIMULATION.GO {0}: Generator
0: Power (0.00, 1.00, 1.00) 1.00
0: Fuel (0.00, 0.10, 1.00) 0.10
0: Thermal (0.00, 475.00, 500.00) 497.24
0: Health (0.00, 0.10, 1.00) 0.10[0m
[90m17:11:28.044[0m 18 [0m[TELEMETRY] GENERATOR.GO temperature change: 500[0m
[90m17:11:28.044[0m 19 [0m[TELEMETRY] SIMULATION.GO {0}: Generator
0: Power (0.00, 1.00, 1.00) 1.00
0: Fuel (0.00, 0.05, 1.00) 0.05
0: Thermal (0.00, 500.00, 500.00) 497.97
0: Health (0.00, 0.05, 1.00) 0.05[0m
[90m17:11:29.045[0m 19 [0m[TELEMETRY] GENERATOR.GO temperature change: 500[0m
[90m17:11:29.045[0m 20 [0m[TELEMETRY] SIMULATION.GO {0}: Generator
0: Power (0.00, 1.00, 1.00) 1.00
0: Fuel (0.00, 0.00, 1.00) 0.00
0: Thermal (0.00, 500.00, 500.00) 497.97
0: Health (0.00, 0.00, 1.00) 0.00[0m
[90m17:11:30.046[0m 21 [0m[TELEMETRY] SIMULATION.GO {0}: Generator
0: Power (0.00, 0.00, 1.00) 0.00
0: Fuel (0.00, 0.00, 1.00) 0.00
0: Thermal (0.00, 500.00, 500.00) 497.97
0: Health (0.00, 0.00, 1.00) 0.00[0m
[90m17:11:31.047[0m 22 [0m[TELEMETRY] SIMULATION.GO {0}: Generator
0: Power (0.00, 0.00, 1.00) 0.00
0: Fuel (0.00, 0.00, 1.00) 0.00
0: Thermal (0.00, 500.00, 500.00) 497.97
0: Health (0.00, 0.00, 1.00) 0.00[0m
[90m17:11:32.049[0m 23 [0m[TELEMETRY] SIMULATION.GO {0}: Generator
0: Power (0.00, 0.00, 1.00) 0.00
0: Fuel (0.00, 0.00, 1.00) 0.00
0: Thermal (0.00, 500.00, 500.00) 497.97
0: Health (0.00, 0.00, 1.00) 0.00[0m
[90m17:11:33.050[0m 24 [0m[TELEMETRY] SIMULATION.GO {0}: Generator
0: Power (0.00, 0.00, 1.00) 0.00
0: Fuel (0.00, 0.00, 1.00) 0.00
0: Thermal (0.00, 500.00, 500.00) 497.97
0: Health (0.00, 0.00, 1.00) 0.00[0m
[90m17:11:34.051[0m 25 [0m[TELEMETRY] SIMULATION.GO {0}: Generator
0: Power (0.00, 0.00, 1.00) 0.00
0: Fuel (0.00, 0.00, 1.00) 0.00
0: Thermal (0.00, 500.00, 500.00) 497.97
0: Health (0.00, 0.00, 1.00) 0.00[0m
[90m17:11:35.052[0m 26 [0m[TELEMETRY] SIMULATION.GO {0}: Generator
0: Power (0.00, 0.00, 1.00) 0.00
0: Fuel (0.00, 0.00, 1.00) 0.00
0: Thermal (0.00, 500.00, 500.00) 497.97
0: Health (0.00, 0.00, 1.00) 0.00[0m
[90m17:11:36.053[0m 27 [0m[TELEMETRY] SIMULATION.GO {0}: Generator
0: Power (0.00, 0.00, 1.00) 0.00
0: Fuel (0.00, 0.00, 1.00) 0.00
0: Thermal (0.00, 500.00, 500.00) 497.97
0: Health (0.00, 0.00, 1.00) 0.00[0m
